2024-08-07T17:14:54+00:00 NOTICE REQUEST BEGINS CONTEXT: {"_legacy":true}
2024-08-07T17:14:54+00:00 NOTICE REQUEST URL: https://api.pagseguro.com/orders CONTEXT: {"_legacy":true}
2024-08-07T17:14:54+00:00 NOTICE REQUEST BODY: {"reference_id":"{\"id\":1221,\"password\":\"fy$OK%f1IZQeZ8XFS*1j8r*#9hV&sS\"}","items":[{"name":"teste","unit_amount":50000,"quantity":1}],"customer":{"name":"wermeson soares","email":"wermeson.blucomet@gmail.com","tax_id":"06814984393"},"shipping":{"address":{"street":"Rua Joana","number":"256","locality":"N/A","city":"Acarape","region_code":"CE","country":"BRA","postal_code":"62785000"}},"charges":[{"reference_id":"{\"id\":1221,\"password\":\"fy$OK%f1IZQeZ8XFS*1j8r*#9hV&sS\"}","description":"Pedido 1221 - Prado","amount":{"value":50000,"currency":"BRL"},"payment_method":{"type":"BOLETO","boleto":{"due_date":"2024-08-10","instruction_lines":{"line_1":"Pagamento para Prado","line_2":"PagBank"},"holder":{"name":"wermeson soares","tax_id":"06814984393","email":"wermeson.blucomet@gmail.com","address":{"street":"Rua Joana","number":"256","locality":"N/A","city":"Acarape","region":"CE","region_code":"CE","country":"BRA","postal_code":"62785000"}}}}}],"notification_urls":["https://localhost/projeto/wess.blog/wc-api/pagbank_woocommerce_handler/"],"metadata":{"order_id":1221,"signature":"Fjs3MHdH9q8sIVohy9jKMecum2fh/obHFkuxdmcG8LhxuKtl12HWNDq5hksNVy5d6meJzZ5kXsnaCDUY9n6xCQ==","password":"fy$OK%f1IZQeZ8XFS*1j8r*#9hV&sS"}} CONTEXT: {"_legacy":true}
2024-08-07T17:14:54+00:00 NOTICE RESPONSE CODE: 400 CONTEXT: {"_legacy":true}
2024-08-07T17:14:54+00:00 NOTICE RESPONSE BODY: {"error_messages":[{"code":"40002","description":"buyer email must not be equals to merchant email","parameter_name":"customer.email"}]} CONTEXT: {"_legacy":true}
2024-08-07T17:14:54+00:00 NOTICE REQUEST ENDS
 CONTEXT: {"_legacy":true}
2024-08-07T17:23:08+00:00 NOTICE REQUEST BEGINS CONTEXT: {"_legacy":true}
2024-08-07T17:23:08+00:00 NOTICE REQUEST URL: https://api.pagseguro.com/orders CONTEXT: {"_legacy":true}
2024-08-07T17:23:08+00:00 NOTICE REQUEST BODY: {"reference_id":"{\"id\":1221,\"password\":\"VjhTwvKw#xF9g)6D&oRZS3hU9p3x%D\"}","items":[{"name":"teste","unit_amount":50000,"quantity":1}],"customer":{"name":"wermeson soares","email":"wermeson.blucomet@gmail.com","tax_id":"06814984393"},"shipping":{"address":{"street":"Rua Joana","number":"256","locality":"N/A","city":"Acarape","region_code":"CE","country":"BRA","postal_code":"62785000"}},"charges":[{"reference_id":"{\"id\":1221,\"password\":\"VjhTwvKw#xF9g)6D&oRZS3hU9p3x%D\"}","description":"Pedido 1221 - Prado","amount":{"value":50000,"currency":"BRL"},"payment_method":{"type":"BOLETO","boleto":{"due_date":"2024-08-10","instruction_lines":{"line_1":"Pagamento para Prado","line_2":"PagBank"},"holder":{"name":"wermeson soares","tax_id":"06814984393","email":"wermeson.blucomet@gmail.com","address":{"street":"Rua Joana","number":"256","locality":"N/A","city":"Acarape","region":"CE","region_code":"CE","country":"BRA","postal_code":"62785000"}}}}}],"notification_urls":["https://localhost/projeto/wess.blog/wc-api/pagbank_woocommerce_handler/"],"metadata":{"order_id":1221,"signature":"Fjs3MHdH9q8sIVohy9jKMecum2fh/obHFkuxdmcG8LhxuKtl12HWNDq5hksNVy5d6meJzZ5kXsnaCDUY9n6xCQ==","password":"VjhTwvKw#xF9g)6D&oRZS3hU9p3x%D"}} CONTEXT: {"_legacy":true}
2024-08-07T17:23:08+00:00 NOTICE RESPONSE CODE: 400 CONTEXT: {"_legacy":true}
2024-08-07T17:23:08+00:00 NOTICE RESPONSE BODY: {"error_messages":[{"code":"40002","description":"buyer email must not be equals to merchant email","parameter_name":"customer.email"}]} CONTEXT: {"_legacy":true}
2024-08-07T17:23:08+00:00 NOTICE REQUEST ENDS
 CONTEXT: {"_legacy":true}
2024-08-07T17:46:19+00:00 NOTICE REQUEST BEGINS CONTEXT: {"_legacy":true}
2024-08-07T17:46:19+00:00 NOTICE REQUEST URL: https://api.pagseguro.com/orders CONTEXT: {"_legacy":true}
2024-08-07T17:46:19+00:00 NOTICE REQUEST BODY: {"reference_id":"{\"id\":1221,\"password\":\"rYUT#VeU65j9W$5uZns2QjU8m8ga7M\"}","items":[{"name":"teste","unit_amount":50000,"quantity":1}],"customer":{"name":"wermeson soares","email":"wermeson.blucomet@gmail.com","tax_id":"06814984393"},"shipping":{"address":{"street":"Rua Joana","number":"256","locality":"N/A","city":"Acarape","region_code":"CE","country":"BRA","postal_code":"62785000"}},"charges":[{"reference_id":"{\"id\":1221,\"password\":\"rYUT#VeU65j9W$5uZns2QjU8m8ga7M\"}","description":"Pedido 1221 - Prado","amount":{"value":50000,"currency":"BRL"},"payment_method":{"type":"BOLETO","boleto":{"due_date":"2024-08-10","instruction_lines":{"line_1":"Pagamento para Prado","line_2":"PagBank"},"holder":{"name":"wermeson soares","tax_id":"06814984393","email":"wermeson.blucomet@gmail.com","address":{"street":"Rua Joana","number":"256","locality":"N/A","city":"Acarape","region":"CE","region_code":"CE","country":"BRA","postal_code":"62785000"}}}}}],"notification_urls":["https://localhost/projeto/wess.blog/wc-api/pagbank_woocommerce_handler/"],"metadata":{"order_id":1221,"signature":"Fjs3MHdH9q8sIVohy9jKMecum2fh/obHFkuxdmcG8LhxuKtl12HWNDq5hksNVy5d6meJzZ5kXsnaCDUY9n6xCQ==","password":"rYUT#VeU65j9W$5uZns2QjU8m8ga7M"}} CONTEXT: {"_legacy":true}
2024-08-07T17:46:19+00:00 NOTICE RESPONSE CODE: 400 CONTEXT: {"_legacy":true}
2024-08-07T17:46:19+00:00 NOTICE RESPONSE BODY: {"error_messages":[{"code":"40002","description":"buyer email must not be equals to merchant email","parameter_name":"customer.email"}]} CONTEXT: {"_legacy":true}
2024-08-07T17:46:19+00:00 NOTICE REQUEST ENDS
 CONTEXT: {"_legacy":true}
2024-08-07T17:49:01+00:00 NOTICE REQUEST BEGINS CONTEXT: {"_legacy":true}
2024-08-07T17:49:01+00:00 NOTICE REQUEST URL: https://api.pagseguro.com/orders CONTEXT: {"_legacy":true}
2024-08-07T17:49:01+00:00 NOTICE REQUEST BODY: {"reference_id":"{\"id\":1221,\"password\":\"q(Z%Y*hBq4BGx6Fb^v&#Z0UTO6Lj^G\"}","items":[{"name":"teste","unit_amount":50000,"quantity":1}],"customer":{"name":"wermeson soares","email":"wermeson.blucomet@gmail.com","tax_id":"06814984393"},"shipping":{"address":{"street":"Rua Joana","number":"256","locality":"N/A","city":"Acarape","region_code":"CE","country":"BRA","postal_code":"62785000"}},"charges":[{"reference_id":"{\"id\":1221,\"password\":\"q(Z%Y*hBq4BGx6Fb^v&#Z0UTO6Lj^G\"}","description":"Pedido 1221 - Prado","amount":{"value":50000,"currency":"BRL"},"payment_method":{"type":"BOLETO","boleto":{"due_date":"2024-08-10","instruction_lines":{"line_1":"Pagamento para Prado","line_2":"PagBank"},"holder":{"name":"wermeson soares","tax_id":"06814984393","email":"wermeson.blucomet@gmail.com","address":{"street":"Rua Joana","number":"256","locality":"N/A","city":"Acarape","region":"CE","region_code":"CE","country":"BRA","postal_code":"62785000"}}}}}],"notification_urls":["https://localhost/projeto/wess.blog/wc-api/pagbank_woocommerce_handler/"],"metadata":{"order_id":1221,"signature":"Fjs3MHdH9q8sIVohy9jKMecum2fh/obHFkuxdmcG8LhxuKtl12HWNDq5hksNVy5d6meJzZ5kXsnaCDUY9n6xCQ==","password":"q(Z%Y*hBq4BGx6Fb^v&#Z0UTO6Lj^G"}} CONTEXT: {"_legacy":true}
2024-08-07T17:49:01+00:00 NOTICE RESPONSE CODE: 400 CONTEXT: {"_legacy":true}
2024-08-07T17:49:01+00:00 NOTICE RESPONSE BODY: {"error_messages":[{"code":"40002","description":"buyer email must not be equals to merchant email","parameter_name":"customer.email"}]} CONTEXT: {"_legacy":true}
2024-08-07T17:49:01+00:00 NOTICE REQUEST ENDS
 CONTEXT: {"_legacy":true}
2024-08-07T17:56:21+00:00 NOTICE REQUEST BEGINS CONTEXT: {"_legacy":true}
2024-08-07T17:56:21+00:00 NOTICE REQUEST URL: https://api.pagseguro.com/orders CONTEXT: {"_legacy":true}
2024-08-07T17:56:21+00:00 NOTICE REQUEST BODY: {"reference_id":"{\"id\":1224,\"password\":\"QpDj^MNOvDw9tIAvCiSyAvgIyP6sxw\"}","items":[{"name":"teste","unit_amount":50000,"quantity":2}],"customer":{"name":"wermeson soares","email":"wermeson.blucomet@gmail.com","tax_id":"06814984393"},"shipping":{"address":{"street":"Rua Joana","number":"256","locality":"N/A","city":"Acarape","region_code":"CE","country":"BRA","postal_code":"62785000"}},"charges":[{"reference_id":"{\"id\":1224,\"password\":\"QpDj^MNOvDw9tIAvCiSyAvgIyP6sxw\"}","description":"Pedido 1224 - Prado","amount":{"value":100000,"currency":"BRL"},"payment_method":{"type":"BOLETO","boleto":{"due_date":"2024-08-10","instruction_lines":{"line_1":"Pagamento para Prado","line_2":"PagBank"},"holder":{"name":"wermeson soares","tax_id":"06814984393","email":"wermeson.blucomet@gmail.com","address":{"street":"Rua Joana","number":"256","locality":"N/A","city":"Acarape","region":"CE","region_code":"CE","country":"BRA","postal_code":"62785000"}}}}}],"notification_urls":["https://localhost/projeto/wess.blog/wc-api/pagbank_woocommerce_handler/"],"metadata":{"order_id":1224,"signature":"rPsABlz8tyECqslcRAnnqSWmn2l5dVT+dQ3HNS5Xv1lkgTW60OkmmczYQca5YOxJrqYyXK/j7hBs4nBT+otwDQ==","password":"QpDj^MNOvDw9tIAvCiSyAvgIyP6sxw"}} CONTEXT: {"_legacy":true}
2024-08-07T17:56:21+00:00 NOTICE RESPONSE CODE: 400 CONTEXT: {"_legacy":true}
2024-08-07T17:56:21+00:00 NOTICE RESPONSE BODY: {"error_messages":[{"code":"40002","description":"buyer email must not be equals to merchant email","parameter_name":"customer.email"}]} CONTEXT: {"_legacy":true}
2024-08-07T17:56:21+00:00 NOTICE REQUEST ENDS
 CONTEXT: {"_legacy":true}
2024-08-07T17:59:39+00:00 NOTICE REQUEST BEGINS CONTEXT: {"_legacy":true}
2024-08-07T17:59:39+00:00 NOTICE REQUEST URL: https://api.pagseguro.com/orders CONTEXT: {"_legacy":true}
2024-08-07T17:59:39+00:00 NOTICE REQUEST BODY: {"reference_id":"{\"id\":1224,\"password\":\"sGtKmdEP3FX92QVPsunWG9p62m*4!m\"}","items":[{"name":"teste","unit_amount":50000,"quantity":2}],"customer":{"name":"wermeson soares","email":"wermeson.blucomet@gmail.com","tax_id":"06814984393"},"shipping":{"address":{"street":"Rua Joana","number":"256","locality":"N/A","city":"Acarape","region_code":"CE","country":"BRA","postal_code":"62785000"}},"charges":[{"reference_id":"{\"id\":1224,\"password\":\"sGtKmdEP3FX92QVPsunWG9p62m*4!m\"}","description":"Pedido 1224 - Prado","amount":{"value":100000,"currency":"BRL"},"payment_method":{"type":"BOLETO","boleto":{"due_date":"2024-08-10","instruction_lines":{"line_1":"Pagamento para Prado","line_2":"PagBank"},"holder":{"name":"wermeson soares","tax_id":"06814984393","email":"wermeson.blucomet@gmail.com","address":{"street":"Rua Joana","number":"256","locality":"N/A","city":"Acarape","region":"CE","region_code":"CE","country":"BRA","postal_code":"62785000"}}}}}],"notification_urls":["https://localhost/projeto/wess.blog/wc-api/pagbank_woocommerce_handler/"],"metadata":{"order_id":1224,"signature":"rPsABlz8tyECqslcRAnnqSWmn2l5dVT+dQ3HNS5Xv1lkgTW60OkmmczYQca5YOxJrqYyXK/j7hBs4nBT+otwDQ==","password":"sGtKmdEP3FX92QVPsunWG9p62m*4!m"}} CONTEXT: {"_legacy":true}
2024-08-07T17:59:39+00:00 NOTICE RESPONSE CODE: 400 CONTEXT: {"_legacy":true}
2024-08-07T17:59:39+00:00 NOTICE RESPONSE BODY: {"error_messages":[{"code":"40002","description":"buyer email must not be equals to merchant email","parameter_name":"customer.email"}]} CONTEXT: {"_legacy":true}
2024-08-07T17:59:39+00:00 NOTICE REQUEST ENDS
 CONTEXT: {"_legacy":true}
2024-08-07T18:06:33+00:00 NOTICE REQUEST BEGINS CONTEXT: {"_legacy":true}
2024-08-07T18:06:33+00:00 NOTICE REQUEST URL: https://api.pagseguro.com/orders CONTEXT: {"_legacy":true}
2024-08-07T18:06:33+00:00 NOTICE REQUEST BODY: {"reference_id":"{\"id\":1224,\"password\":\"8^F7k8uj9%%yp*ZJQ64AhBD$33v86p\"}","items":[{"name":"teste","unit_amount":50000,"quantity":2}],"customer":{"name":"wermeson soares","email":"wermeson.blucomet@gmail.com","tax_id":"06814984393"},"shipping":{"address":{"street":"Rua Joana","number":"256","locality":"N/A","city":"Acarape","region_code":"CE","country":"BRA","postal_code":"62785000"}},"charges":[{"reference_id":"{\"id\":1224,\"password\":\"8^F7k8uj9%%yp*ZJQ64AhBD$33v86p\"}","description":"Pedido 1224 - Prado","amount":{"value":100000,"currency":"BRL"},"payment_method":{"type":"BOLETO","boleto":{"due_date":"2024-08-10","instruction_lines":{"line_1":"Pagamento para Prado","line_2":"PagBank"},"holder":{"name":"wermeson soares","tax_id":"06814984393","email":"wermeson.blucomet@gmail.com","address":{"street":"Rua Joana","number":"256","locality":"N/A","city":"Acarape","region":"CE","region_code":"CE","country":"BRA","postal_code":"62785000"}}}}}],"notification_urls":["https://localhost/projeto/wess.blog/wc-api/pagbank_woocommerce_handler/"],"metadata":{"order_id":1224,"signature":"rPsABlz8tyECqslcRAnnqSWmn2l5dVT+dQ3HNS5Xv1lkgTW60OkmmczYQca5YOxJrqYyXK/j7hBs4nBT+otwDQ==","password":"8^F7k8uj9%%yp*ZJQ64AhBD$33v86p"}} CONTEXT: {"_legacy":true}
2024-08-07T18:06:33+00:00 NOTICE RESPONSE CODE: 400 CONTEXT: {"_legacy":true}
2024-08-07T18:06:33+00:00 NOTICE RESPONSE BODY: {"error_messages":[{"code":"40002","description":"buyer email must not be equals to merchant email","parameter_name":"customer.email"}]} CONTEXT: {"_legacy":true}
2024-08-07T18:06:33+00:00 NOTICE REQUEST ENDS
 CONTEXT: {"_legacy":true}
2024-08-07T18:09:03+00:00 NOTICE REQUEST BEGINS CONTEXT: {"_legacy":true}
2024-08-07T18:09:03+00:00 NOTICE REQUEST URL: https://api.pagseguro.com/orders CONTEXT: {"_legacy":true}
2024-08-07T18:09:03+00:00 NOTICE REQUEST BODY: {"reference_id":"{\"id\":1224,\"password\":\"63CFh1$dzvLp43(HO#wuDqpclk@uVb\"}","items":[{"name":"teste","unit_amount":50000,"quantity":2}],"customer":{"name":"wermeson soares","email":"wermeson.blucomet@gmail.com","tax_id":"06814984393"},"shipping":{"address":{"street":"Rua Joana","number":"256","locality":"N/A","city":"Acarape","region_code":"CE","country":"BRA","postal_code":"62785000"}},"charges":[{"reference_id":"{\"id\":1224,\"password\":\"63CFh1$dzvLp43(HO#wuDqpclk@uVb\"}","description":"Pedido 1224 - Prado","amount":{"value":100000,"currency":"BRL"},"payment_method":{"type":"BOLETO","boleto":{"due_date":"2024-08-10","instruction_lines":{"line_1":"Pagamento para Prado","line_2":"PagBank"},"holder":{"name":"wermeson soares","tax_id":"06814984393","email":"wermeson.blucomet@gmail.com","address":{"street":"Rua Joana","number":"256","locality":"N/A","city":"Acarape","region":"CE","region_code":"CE","country":"BRA","postal_code":"62785000"}}}}}],"notification_urls":["https://localhost/projeto/wess.blog/wc-api/pagbank_woocommerce_handler/"],"metadata":{"order_id":1224,"signature":"rPsABlz8tyECqslcRAnnqSWmn2l5dVT+dQ3HNS5Xv1lkgTW60OkmmczYQca5YOxJrqYyXK/j7hBs4nBT+otwDQ==","password":"63CFh1$dzvLp43(HO#wuDqpclk@uVb"}} CONTEXT: {"_legacy":true}
2024-08-07T18:09:03+00:00 NOTICE RESPONSE CODE: 400 CONTEXT: {"_legacy":true}
2024-08-07T18:09:03+00:00 NOTICE RESPONSE BODY: {"error_messages":[{"code":"40002","description":"buyer email must not be equals to merchant email","parameter_name":"customer.email"}]} CONTEXT: {"_legacy":true}
2024-08-07T18:09:03+00:00 NOTICE REQUEST ENDS
 CONTEXT: {"_legacy":true}
