2024-08-08T00:38:26+00:00 NOTICE REQUEST BEGINS CONTEXT: {"_legacy":true}
2024-08-08T00:38:26+00:00 NOTICE REQUEST URL: https://api.pagseguro.com/orders CONTEXT: {"_legacy":true}
2024-08-08T00:38:26+00:00 NOTICE REQUEST BODY: {"reference_id":"{\"id\":1227,\"password\":\"@qb4Cjlr8ca!qHsZiJ3sz0c!e!#jxZ\"}","items":[{"name":"teste","unit_amount":50000,"quantity":1}],"customer":{"name":"wermeson soares","email":"wermeson.blucomet@gmail.com","tax_id":"06814984393"},"shipping":{"address":{"street":"Rua Joana","number":"256","locality":"conjunto são francisco","city":"Acarape","region_code":"CE","country":"BRA","postal_code":"62785000"}},"qr_codes":[{"amount":{"value":50000},"expiration_date":"2024-08-08T00:53:26+00:00"}],"notification_urls":["https://localhost/projeto/wess.blog/wc-api/pagbank_woocommerce_handler/"],"metadata":{"order_id":1227,"signature":"oMs7m9xGfrh8HfGEIJ8IRCPkL9BEoBtuqN2tNQZVD2j+3uj7xrQEOKFtq9ckzXuoswERNj3viwph+pMqQ672Dw==","password":"@qb4Cjlr8ca!qHsZiJ3sz0c!e!#jxZ"}} CONTEXT: {"_legacy":true}
2024-08-08T00:38:27+00:00 NOTICE RESPONSE CODE: 400 CONTEXT: {"_legacy":true}
2024-08-08T00:38:27+00:00 NOTICE RESPONSE BODY: {"error_messages":[{"code":"40002","description":"buyer email must not be equals to merchant email","parameter_name":"customer.email"}]} CONTEXT: {"_legacy":true}
2024-08-08T00:38:27+00:00 NOTICE REQUEST ENDS
 CONTEXT: {"_legacy":true}
2024-08-08T00:40:01+00:00 NOTICE REQUEST BEGINS CONTEXT: {"_legacy":true}
2024-08-08T00:40:01+00:00 NOTICE REQUEST URL: https://api.pagseguro.com/orders CONTEXT: {"_legacy":true}
2024-08-08T00:40:01+00:00 NOTICE REQUEST BODY: {"reference_id":"{\"id\":1229,\"password\":\"CI1TxKI5qsU0*3u#!F344Y!55D(d8A\"}","items":[{"name":"teste","unit_amount":100,"quantity":1}],"customer":{"name":"wess teste","email":"wess@gmail.com","tax_id":"06814984393"},"shipping":{"address":{"street":"conjunto são frnacisco","number":"62","locality":"N/A","city":"acarape","region_code":"CE","country":"BRA","postal_code":"62785000"}},"qr_codes":[{"amount":{"value":100},"expiration_date":"2024-08-08T00:55:00+00:00"}],"notification_urls":["https://localhost/projeto/wess.blog/wc-api/pagbank_woocommerce_handler/"],"metadata":{"order_id":1229,"signature":"v4tAyJDRjwp4UEBT1W6qdG0pBi2Gf3HINdyfmnhy3UyfAnHPMNEZ7ZD0kK1fWCrhxD27L7cPROE5EsHrdez6Bw==","password":"CI1TxKI5qsU0*3u#!F344Y!55D(d8A"}} CONTEXT: {"_legacy":true}
2024-08-08T00:40:02+00:00 NOTICE RESPONSE CODE: 201 CONTEXT: {"_legacy":true}
2024-08-08T00:40:02+00:00 NOTICE RESPONSE BODY: {"id":"ORDE_2B760245-D31C-4913-AC33-C05911CE4291","reference_id":"{\"id\":1229,\"password\":\"CI1TxKI5qsU0*3u#!F344Y!55D(d8A\"}","created_at":"2024-08-07T21:40:01.804-03:00","customer":{"name":"wess teste","email":"wess@gmail.com","tax_id":"06814984393"},"items":[{"name":"teste","quantity":1,"unit_amount":100}],"shipping":{"address":{"street":"conjunto são frnacisco","number":"62","locality":"N/A","city":"acarape","region_code":"CE","country":"BRA","postal_code":"62785000"}},"qr_codes":[{"id":"QRCO_2178484D-C82A-41DF-AA98-FFA803566C4C","expiration_date":"2024-08-07T21:55:00.000-03:00","amount":{"value":100},"text":"00020101021226830014br.gov.bcb.pix2561api.pagseguro.com/pix/v2/2178484D-C82A-41DF-AA98-FFA803566C4C27600016BR.COM.PAGSEGURO01362178484D-C82A-41DF-AA98-FFA803566C4C52044722530398654041.005802BR5922Wermeson Marinho Soare6007Acarape62070503***63046194","arrangements":["PIX"],"links":[{"rel":"QRCODE.PNG","href":"https://api.pagseguro.com/qrcode/QRCO_2178484D-C82A-41DF-AA98-FFA803566C4C/png","media":"image/png","type":"GET"},{"rel":"QRCODE.BASE64","href":"https://api.pagseguro.com/qrcode/QRCO_2178484D-C82A-41DF-AA98-FFA803566C4C/base64","media":"text/plain","type":"GET"}]}],"notification_urls":["https://localhost/projeto/wess.blog/wc-api/pagbank_woocommerce_handler/"],"links":[{"rel":"SELF","href":"https://api.pagseguro.com/orders/ORDE_2B760245-D31C-4913-AC33-C05911CE4291","media":"application/json","type":"GET"},{"rel":"PAY","href":"https://api.pagseguro.com/orders/ORDE_2B760245-D31C-4913-AC33-C05911CE4291/pay","media":"application/json","type":"POST"}]} CONTEXT: {"_legacy":true}
2024-08-08T00:40:02+00:00 NOTICE REQUEST ENDS
 CONTEXT: {"_legacy":true}
2024-08-08T23:04:06+00:00 NOTICE REQUEST BEGINS CONTEXT: {"_legacy":true}
2024-08-08T23:04:06+00:00 NOTICE REQUEST URL: https://api.pagseguro.com/orders CONTEXT: {"_legacy":true}
2024-08-08T23:04:06+00:00 NOTICE REQUEST BODY: {"reference_id":"{\"id\":1240,\"password\":\"2jqc9LZ0ZUDKRinu0JdikStC&onQ5U\"}","items":[{"name":"teste","unit_amount":50000,"quantity":2}],"customer":{"name":"wermeson soares","email":"wermeson.blucomet@gmail.com","tax_id":"06814984393"},"shipping":{"address":{"street":"Rua Joana","number":"256","locality":"conjunto são francisco","city":"Acarape","region_code":"CE","country":"BRA","postal_code":"62785000"}},"qr_codes":[{"amount":{"value":100000},"expiration_date":"2024-08-08T23:19:06+00:00"}],"notification_urls":["https://localhost/projeto/wess.blog/wc-api/pagbank_woocommerce_handler/"],"metadata":{"order_id":1240,"signature":"AaMYPpG7u9UEo6YO8739kFNrB4u4Mwpdai+gm4qdPTLmAfZXVCnmO+BA95sj5adp74RznRgV/2FHmHq2fjQLCg==","password":"2jqc9LZ0ZUDKRinu0JdikStC&onQ5U"}} CONTEXT: {"_legacy":true}
2024-08-08T23:04:08+00:00 NOTICE RESPONSE CODE: 400 CONTEXT: {"_legacy":true}
2024-08-08T23:04:08+00:00 NOTICE RESPONSE BODY: {"error_messages":[{"code":"40002","description":"buyer email must not be equals to merchant email","parameter_name":"customer.email"}]} CONTEXT: {"_legacy":true}
2024-08-08T23:04:08+00:00 NOTICE REQUEST ENDS
 CONTEXT: {"_legacy":true}
2024-08-08T23:05:57+00:00 NOTICE REQUEST BEGINS CONTEXT: {"_legacy":true}
2024-08-08T23:05:57+00:00 NOTICE REQUEST URL: https://api.pagseguro.com/orders CONTEXT: {"_legacy":true}
2024-08-08T23:05:57+00:00 NOTICE REQUEST BODY: {"reference_id":"{\"id\":1240,\"password\":\"7V6&zPHS)zkkHqkaGtMI2W^5VED6Br\"}","items":[{"name":"teste","unit_amount":50000,"quantity":2}],"customer":{"name":"wermeson soares","email":"wermeson.blucomet@gmail.com","tax_id":"06814984393"},"shipping":{"address":{"street":"Rua Joana","number":"256","locality":"conjunto são francisco","city":"Acarape","region_code":"CE","country":"BRA","postal_code":"62785000"}},"qr_codes":[{"amount":{"value":100000},"expiration_date":"2024-08-08T23:20:57+00:00"}],"notification_urls":["https://localhost/projeto/wess.blog/wc-api/pagbank_woocommerce_handler/"],"metadata":{"order_id":1240,"signature":"AaMYPpG7u9UEo6YO8739kFNrB4u4Mwpdai+gm4qdPTLmAfZXVCnmO+BA95sj5adp74RznRgV/2FHmHq2fjQLCg==","password":"7V6&zPHS)zkkHqkaGtMI2W^5VED6Br"}} CONTEXT: {"_legacy":true}
2024-08-08T23:05:57+00:00 NOTICE RESPONSE CODE: 400 CONTEXT: {"_legacy":true}
2024-08-08T23:05:57+00:00 NOTICE RESPONSE BODY: {"error_messages":[{"code":"40002","description":"buyer email must not be equals to merchant email","parameter_name":"customer.email"}]} CONTEXT: {"_legacy":true}
2024-08-08T23:05:57+00:00 NOTICE REQUEST ENDS
 CONTEXT: {"_legacy":true}
2024-08-08T23:06:12+00:00 NOTICE REQUEST BEGINS CONTEXT: {"_legacy":true}
2024-08-08T23:06:12+00:00 NOTICE REQUEST URL: https://api.pagseguro.com/orders CONTEXT: {"_legacy":true}
2024-08-08T23:06:12+00:00 NOTICE REQUEST BODY: {"reference_id":"{\"id\":1240,\"password\":\"wxbf6TH*sq9r$D4@Ddj7Fj^nDR5%gT\"}","items":[{"name":"teste","unit_amount":50000,"quantity":2}],"customer":{"name":"wermeson soares","email":"wermeson.blucomet@gmail.com","tax_id":"06814984393"},"shipping":{"address":{"street":"Rua Joana","number":"256","locality":"conjunto são francisco","city":"Acarape","region_code":"CE","country":"BRA","postal_code":"62785000"}},"qr_codes":[{"amount":{"value":100000},"expiration_date":"2024-08-08T23:21:12+00:00"}],"notification_urls":["https://localhost/projeto/wess.blog/wc-api/pagbank_woocommerce_handler/"],"metadata":{"order_id":1240,"signature":"AaMYPpG7u9UEo6YO8739kFNrB4u4Mwpdai+gm4qdPTLmAfZXVCnmO+BA95sj5adp74RznRgV/2FHmHq2fjQLCg==","password":"wxbf6TH*sq9r$D4@Ddj7Fj^nDR5%gT"}} CONTEXT: {"_legacy":true}
2024-08-08T23:06:12+00:00 NOTICE RESPONSE CODE: 400 CONTEXT: {"_legacy":true}
2024-08-08T23:06:12+00:00 NOTICE RESPONSE BODY: {"error_messages":[{"code":"40002","description":"buyer email must not be equals to merchant email","parameter_name":"customer.email"}]} CONTEXT: {"_legacy":true}
2024-08-08T23:06:12+00:00 NOTICE REQUEST ENDS
 CONTEXT: {"_legacy":true}
