2024-08-31T13:00:18+00:00 NOTICE REQUEST BEGINS CONTEXT: {"_legacy":true}
2024-08-31T13:00:18+00:00 NOTICE REQUEST URL: https://api.pagseguro.com/orders CONTEXT: {"_legacy":true}
2024-08-31T13:00:18+00:00 NOTICE REQUEST BODY: {"reference_id":"{\"id\":1383,\"password\":\"^$sCQie6f*R(Tptni#4$O%C&n1fufK\"}","items":[{"name":"Ticket","unit_amount":33000,"quantity":3}],"customer":{"name":"Júlio Magalhães","email":"jcmagalhaes301@gmail.com","tax_id":"60405470304"},"shipping":{"address":{"street":"Rua XXV","number":"604","locality":"Quintino Cunha","city":"Fortaleza","region_code":"CE","country":"BRA","postal_code":"60353070"}},"charges":[{"reference_id":"{\"id\":1383,\"password\":\"^$sCQie6f*R(Tptni#4$O%C&n1fufK\"}","description":"Pedido 1383 - Prado","amount":{"value":99000,"currency":"BRL"},"payment_method":{"type":"BOLETO","boleto":{"due_date":"2024-09-03","instruction_lines":{"line_1":"Pagamento para Prado","line_2":"PagBank"},"holder":{"name":"Júlio Magalhães","tax_id":"60405470304","email":"jcmagalhaes301@gmail.com","address":{"street":"Rua XXV","number":"604","locality":"Quintino Cunha","city":"Fortaleza","region":"CE","region_code":"CE","country":"BRA","postal_code":"60353070"}}}}}],"notification_urls":["https://localhost/projeto/wess.blog/wc-api/pagbank_woocommerce_handler/"],"metadata":{"order_id":1383,"signature":"TxxzJtsZjwpWovvjn8/2c1pgxp+g/EU1Ej0FoyADjn5a2nhZXOxCSpFof7ytUADm+z9hG/cUTTmkfWbQ5SrjDw==","password":"^$sCQie6f*R(Tptni#4$O%C&n1fufK"}} CONTEXT: {"_legacy":true}
2024-08-31T13:00:19+00:00 NOTICE RESPONSE CODE: 400 CONTEXT: {"_legacy":true}
2024-08-31T13:00:19+00:00 NOTICE RESPONSE BODY: {"error_messages":[{"code":"40002","description":"invalid notification url","parameter_name":"notification_urls[0]"}]} CONTEXT: {"_legacy":true}
2024-08-31T13:00:19+00:00 NOTICE REQUEST ENDS
 CONTEXT: {"_legacy":true}
2024-08-31T13:00:44+00:00 NOTICE REQUEST BEGINS CONTEXT: {"_legacy":true}
2024-08-31T13:00:44+00:00 NOTICE REQUEST URL: https://api.pagseguro.com/orders CONTEXT: {"_legacy":true}
2024-08-31T13:00:44+00:00 NOTICE REQUEST BODY: {"reference_id":"{\"id\":1383,\"password\":\"5UyrusK0pdGu8YC6V730@CfdaN5NUk\"}","items":[{"name":"Ticket","unit_amount":33000,"quantity":3}],"customer":{"name":"Júlio Magalhães","email":"jcmagalhaes301@gmail.com","tax_id":"60405470304"},"shipping":{"address":{"street":"Rua XXV","number":"604","locality":"Quintino Cunha","city":"Fortaleza","region_code":"CE","country":"BRA","postal_code":"60353070"}},"charges":[{"reference_id":"{\"id\":1383,\"password\":\"5UyrusK0pdGu8YC6V730@CfdaN5NUk\"}","description":"Pedido 1383 - Prado","amount":{"value":99000,"currency":"BRL"},"payment_method":{"type":"BOLETO","boleto":{"due_date":"2024-09-03","instruction_lines":{"line_1":"Pagamento para Prado","line_2":"PagBank"},"holder":{"name":"Júlio Magalhães","tax_id":"60405470304","email":"jcmagalhaes301@gmail.com","address":{"street":"Rua XXV","number":"604","locality":"Quintino Cunha","city":"Fortaleza","region":"CE","region_code":"CE","country":"BRA","postal_code":"60353070"}}}}}],"notification_urls":["https://localhost/projeto/wess.blog/wc-api/pagbank_woocommerce_handler/"],"metadata":{"order_id":1383,"signature":"TxxzJtsZjwpWovvjn8/2c1pgxp+g/EU1Ej0FoyADjn5a2nhZXOxCSpFof7ytUADm+z9hG/cUTTmkfWbQ5SrjDw==","password":"5UyrusK0pdGu8YC6V730@CfdaN5NUk"}} CONTEXT: {"_legacy":true}
2024-08-31T13:00:45+00:00 NOTICE RESPONSE CODE: 400 CONTEXT: {"_legacy":true}
2024-08-31T13:00:45+00:00 NOTICE RESPONSE BODY: {"error_messages":[{"code":"40002","description":"invalid notification url","parameter_name":"notification_urls[0]"}]} CONTEXT: {"_legacy":true}
2024-08-31T13:00:45+00:00 NOTICE REQUEST ENDS
 CONTEXT: {"_legacy":true}
2024-08-31T13:32:09+00:00 NOTICE REQUEST BEGINS CONTEXT: {"_legacy":true}
2024-08-31T13:32:09+00:00 NOTICE REQUEST URL: https://sandbox.api.pagseguro.com/orders CONTEXT: {"_legacy":true}
2024-08-31T13:32:09+00:00 NOTICE REQUEST BODY: {"reference_id":"{\"id\":1383,\"password\":\"hBycEJj8@L7iO)&jN%RL9!mjoDyM5j\"}","items":[{"name":"Ticket","unit_amount":33000,"quantity":3}],"customer":{"name":"Júlio Magalhães","email":"jcmagalhaes301@gmail.com","tax_id":"60405470304"},"shipping":{"address":{"street":"Rua XXV","number":"604","locality":"Quintino Cunha","city":"Fortaleza","region_code":"CE","country":"BRA","postal_code":"60353070"}},"charges":[{"reference_id":"{\"id\":1383,\"password\":\"hBycEJj8@L7iO)&jN%RL9!mjoDyM5j\"}","description":"Pedido 1383 - Prado","amount":{"value":99000,"currency":"BRL"},"payment_method":{"type":"BOLETO","boleto":{"due_date":"2024-09-03","instruction_lines":{"line_1":"Pagamento para Prado","line_2":"PagBank"},"holder":{"name":"Júlio Magalhães","tax_id":"60405470304","email":"jcmagalhaes301@gmail.com","address":{"street":"Rua XXV","number":"604","locality":"Quintino Cunha","city":"Fortaleza","region":"CE","region_code":"CE","country":"BRA","postal_code":"60353070"}}}}}],"notification_urls":["https://localhost/projeto/wess.blog/wc-api/pagbank_woocommerce_handler/"],"metadata":{"order_id":1383,"signature":"TxxzJtsZjwpWovvjn8/2c1pgxp+g/EU1Ej0FoyADjn5a2nhZXOxCSpFof7ytUADm+z9hG/cUTTmkfWbQ5SrjDw==","password":"hBycEJj8@L7iO)&jN%RL9!mjoDyM5j"}} CONTEXT: {"_legacy":true}
2024-08-31T13:32:10+00:00 NOTICE RESPONSE CODE: 400 CONTEXT: {"_legacy":true}
2024-08-31T13:32:10+00:00 NOTICE RESPONSE BODY: {"error_messages":[{"code":"40002","description":"invalid notification url","parameter_name":"notification_urls[0]"}]} CONTEXT: {"_legacy":true}
2024-08-31T13:32:10+00:00 NOTICE REQUEST ENDS
 CONTEXT: {"_legacy":true}
