2024-08-09T00:37:41+00:00 NOTICE REQUEST BEGINS CONTEXT: {"_legacy":true}
2024-08-09T00:37:41+00:00 NOTICE REQUEST URL: https://api.pagseguro.com/orders CONTEXT: {"_legacy":true}
2024-08-09T00:37:41+00:00 NOTICE REQUEST BODY: {"reference_id":"{\"id\":1243,\"password\":\"X#XqLQOSIulgwF#!QntYar0uFVak2*\"}","items":[{"name":"teste","unit_amount":50000,"quantity":1}],"customer":{"name":"wermeson soares","email":"wermeson.blucomet@gmail.com","tax_id":"06814984393"},"shipping":{"address":{"street":"Rua Joana","number":"256","locality":"conjunto s達o francisco","city":"Acarape","region_code":"CE","country":"BRA","postal_code":"62785000"}},"qr_codes":[{"amount":{"value":50000},"expiration_date":"2024-08-09T00:52:41+00:00"}],"notification_urls":["https://localhost/projeto/wess.blog/wc-api/pagbank_woocommerce_handler/"],"metadata":{"order_id":1243,"signature":"Ob8hPA3ZAs8LX0rr5zS/5Vxb6B+fpKdvXBt7Rc/VWKAX9mA9jDMtI8JzplPuNgKPLr9UkjtjsrJT77lfdr5lAw==","password":"X#XqLQOSIulgwF#!QntYar0uFVak2*"}} CONTEXT: {"_legacy":true}
2024-08-09T00:37:41+00:00 NOTICE RESPONSE CODE: 400 CONTEXT: {"_legacy":true}
2024-08-09T00:37:41+00:00 NOTICE RESPONSE BODY: {"error_messages":[{"code":"40002","description":"buyer email must not be equals to merchant email","parameter_name":"customer.email"}]} CONTEXT: {"_legacy":true}
2024-08-09T00:37:41+00:00 NOTICE REQUEST ENDS
 CONTEXT: {"_legacy":true}
2024-08-09T00:44:55+00:00 NOTICE REQUEST BEGINS CONTEXT: {"_legacy":true}
2024-08-09T00:44:55+00:00 NOTICE REQUEST URL: https://api.pagseguro.com/orders CONTEXT: {"_legacy":true}
2024-08-09T00:44:55+00:00 NOTICE REQUEST BODY: {"reference_id":"{\"id\":1243,\"password\":\"6zNQovDs3a3pt*)Zxb!v#ngSjnp(ft\"}","items":[{"name":"teste","unit_amount":50000,"quantity":1}],"customer":{"name":"wermeson soares","email":"wermeson.blucomet@gmail.com","tax_id":"06814984393"},"shipping":{"address":{"street":"Rua Joana","number":"256","locality":"conjunto s達o francisco","city":"Acarape","region_code":"CE","country":"BRA","postal_code":"62785000"}},"qr_codes":[{"amount":{"value":50000},"expiration_date":"2024-08-09T00:59:55+00:00"}],"notification_urls":["https://localhost/projeto/wess.blog/wc-api/pagbank_woocommerce_handler/"],"metadata":{"order_id":1243,"signature":"Ob8hPA3ZAs8LX0rr5zS/5Vxb6B+fpKdvXBt7Rc/VWKAX9mA9jDMtI8JzplPuNgKPLr9UkjtjsrJT77lfdr5lAw==","password":"6zNQovDs3a3pt*)Zxb!v#ngSjnp(ft"}} CONTEXT: {"_legacy":true}
2024-08-09T00:44:55+00:00 NOTICE RESPONSE CODE: 400 CONTEXT: {"_legacy":true}
2024-08-09T00:44:55+00:00 NOTICE RESPONSE BODY: {"error_messages":[{"code":"40002","description":"buyer email must not be equals to merchant email","parameter_name":"customer.email"}]} CONTEXT: {"_legacy":true}
2024-08-09T00:44:55+00:00 NOTICE REQUEST ENDS
 CONTEXT: {"_legacy":true}
2024-08-09T00:48:38+00:00 NOTICE REQUEST BEGINS CONTEXT: {"_legacy":true}
2024-08-09T00:48:38+00:00 NOTICE REQUEST URL: https://api.pagseguro.com/orders CONTEXT: {"_legacy":true}
2024-08-09T00:48:38+00:00 NOTICE REQUEST BODY: {"reference_id":"{\"id\":1243,\"password\":\"f!!H8g^gYA8gc9G@hNZIil12a3hDez\"}","items":[{"name":"teste","unit_amount":50000,"quantity":1}],"customer":{"name":"wermeson soares","email":"wermeson.blucomet@gmail.com","tax_id":"06814984393"},"shipping":{"address":{"street":"Rua Joana","number":"256","locality":"conjunto s達o francisco","city":"Acarape","region_code":"CE","country":"BRA","postal_code":"62785000"}},"qr_codes":[{"amount":{"value":50000},"expiration_date":"2024-08-09T01:03:37+00:00"}],"notification_urls":["https://localhost/projeto/wess.blog/wc-api/pagbank_woocommerce_handler/"],"metadata":{"order_id":1243,"signature":"Ob8hPA3ZAs8LX0rr5zS/5Vxb6B+fpKdvXBt7Rc/VWKAX9mA9jDMtI8JzplPuNgKPLr9UkjtjsrJT77lfdr5lAw==","password":"f!!H8g^gYA8gc9G@hNZIil12a3hDez"}} CONTEXT: {"_legacy":true}
2024-08-09T00:48:39+00:00 NOTICE RESPONSE CODE: 400 CONTEXT: {"_legacy":true}
2024-08-09T00:48:39+00:00 NOTICE RESPONSE BODY: {"error_messages":[{"code":"40002","description":"buyer email must not be equals to merchant email","parameter_name":"customer.email"}]} CONTEXT: {"_legacy":true}
2024-08-09T00:48:39+00:00 NOTICE REQUEST ENDS
 CONTEXT: {"_legacy":true}
2024-08-09T00:49:20+00:00 NOTICE REQUEST BEGINS CONTEXT: {"_legacy":true}
2024-08-09T00:49:20+00:00 NOTICE REQUEST URL: https://api.pagseguro.com/orders CONTEXT: {"_legacy":true}
2024-08-09T00:49:20+00:00 NOTICE REQUEST BODY: {"reference_id":"{\"id\":1243,\"password\":\"XZJ2^Ck^WMaBD&a*wgF5fVP@xYrVuE\"}","items":[{"name":"teste","unit_amount":50000,"quantity":1}],"customer":{"name":"wermeson soares","email":"wermeson.blucomet@gmail.com","tax_id":"06814984393"},"shipping":{"address":{"street":"Rua Joana","number":"256","locality":"conjunto s達o francisco","city":"Acarape","region_code":"CE","country":"BRA","postal_code":"62785000"}},"qr_codes":[{"amount":{"value":50000},"expiration_date":"2024-08-09T01:04:20+00:00"}],"notification_urls":["https://localhost/projeto/wess.blog/wc-api/pagbank_woocommerce_handler/"],"metadata":{"order_id":1243,"signature":"Ob8hPA3ZAs8LX0rr5zS/5Vxb6B+fpKdvXBt7Rc/VWKAX9mA9jDMtI8JzplPuNgKPLr9UkjtjsrJT77lfdr5lAw==","password":"XZJ2^Ck^WMaBD&a*wgF5fVP@xYrVuE"}} CONTEXT: {"_legacy":true}
2024-08-09T00:49:20+00:00 NOTICE RESPONSE CODE: 400 CONTEXT: {"_legacy":true}
2024-08-09T00:49:20+00:00 NOTICE RESPONSE BODY: {"error_messages":[{"code":"40002","description":"buyer email must not be equals to merchant email","parameter_name":"customer.email"}]} CONTEXT: {"_legacy":true}
2024-08-09T00:49:20+00:00 NOTICE REQUEST ENDS
 CONTEXT: {"_legacy":true}
