2024-08-07T17:14:46+00:00 NOTICE REQUEST BEGINS CONTEXT: {"_legacy":true}
2024-08-07T17:14:46+00:00 NOTICE REQUEST URL: https://api.pagseguro.com/orders CONTEXT: {"_legacy":true}
2024-08-07T17:14:46+00:00 NOTICE REQUEST BODY: {"reference_id":"{\"id\":1221,\"password\":\"d3PJbXW7XZzsY)Qmn2cF8jf^B@lXO9\"}","items":[{"name":"teste","unit_amount":50000,"quantity":1}],"customer":{"name":"wermeson soares","email":"wermeson.blucomet@gmail.com","tax_id":"06814984393"},"shipping":{"address":{"street":"Rua Joana","number":"256","locality":"N/A","city":"Acarape","region_code":"CE","country":"BRA","postal_code":"62785000"}},"qr_codes":[{"amount":{"value":50000},"expiration_date":"2024-08-07T17:29:46+00:00"}],"notification_urls":["https://localhost/projeto/wess.blog/wc-api/pagbank_woocommerce_handler/"],"metadata":{"order_id":1221,"signature":"Fjs3MHdH9q8sIVohy9jKMecum2fh/obHFkuxdmcG8LhxuKtl12HWNDq5hksNVy5d6meJzZ5kXsnaCDUY9n6xCQ==","password":"d3PJbXW7XZzsY)Qmn2cF8jf^B@lXO9"}} CONTEXT: {"_legacy":true}
2024-08-07T17:14:46+00:00 NOTICE RESPONSE CODE: 400 CONTEXT: {"_legacy":true}
2024-08-07T17:14:46+00:00 NOTICE RESPONSE BODY: {"error_messages":[{"code":"40002","description":"buyer email must not be equals to merchant email","parameter_name":"customer.email"}]} CONTEXT: {"_legacy":true}
2024-08-07T17:14:46+00:00 NOTICE REQUEST ENDS
 CONTEXT: {"_legacy":true}
2024-08-07T17:41:20+00:00 NOTICE REQUEST BEGINS CONTEXT: {"_legacy":true}
2024-08-07T17:41:20+00:00 NOTICE REQUEST URL: https://api.pagseguro.com/orders CONTEXT: {"_legacy":true}
2024-08-07T17:41:20+00:00 NOTICE REQUEST BODY: {"reference_id":"{\"id\":1221,\"password\":\"cGX^3bADP3j@j*lbb8khU8HQnR)6#7\"}","items":[{"name":"teste","unit_amount":50000,"quantity":1}],"customer":{"name":"wermeson soares","email":"wermeson.blucomet@gmail.com","tax_id":"06814984393"},"shipping":{"address":{"street":"Rua Joana","number":"256","locality":"N/A","city":"Acarape","region_code":"CE","country":"BRA","postal_code":"62785000"}},"qr_codes":[{"amount":{"value":50000},"expiration_date":"2024-08-07T17:56:20+00:00"}],"notification_urls":["https://localhost/projeto/wess.blog/wc-api/pagbank_woocommerce_handler/"],"metadata":{"order_id":1221,"signature":"Fjs3MHdH9q8sIVohy9jKMecum2fh/obHFkuxdmcG8LhxuKtl12HWNDq5hksNVy5d6meJzZ5kXsnaCDUY9n6xCQ==","password":"cGX^3bADP3j@j*lbb8khU8HQnR)6#7"}} CONTEXT: {"_legacy":true}
2024-08-07T17:41:20+00:00 NOTICE RESPONSE CODE: 400 CONTEXT: {"_legacy":true}
2024-08-07T17:41:20+00:00 NOTICE RESPONSE BODY: {"error_messages":[{"code":"40002","description":"buyer email must not be equals to merchant email","parameter_name":"customer.email"}]} CONTEXT: {"_legacy":true}
2024-08-07T17:41:20+00:00 NOTICE REQUEST ENDS
 CONTEXT: {"_legacy":true}
2024-08-07T17:42:24+00:00 NOTICE REQUEST BEGINS CONTEXT: {"_legacy":true}
2024-08-07T17:42:24+00:00 NOTICE REQUEST URL: https://api.pagseguro.com/orders CONTEXT: {"_legacy":true}
2024-08-07T17:42:24+00:00 NOTICE REQUEST BODY: {"reference_id":"{\"id\":1221,\"password\":\"X3tBgP)cHzvubDHv&(fFJ7p(S3K1$4\"}","items":[{"name":"teste","unit_amount":50000,"quantity":1}],"customer":{"name":"wermeson soares","email":"wermeson.blucomet@gmail.com","tax_id":"06814984393"},"shipping":{"address":{"street":"Rua Joana","number":"256","locality":"N/A","city":"Acarape","region_code":"CE","country":"BRA","postal_code":"62785000"}},"qr_codes":[{"amount":{"value":50000},"expiration_date":"2024-08-07T17:57:24+00:00"}],"notification_urls":["https://localhost/projeto/wess.blog/wc-api/pagbank_woocommerce_handler/"],"metadata":{"order_id":1221,"signature":"Fjs3MHdH9q8sIVohy9jKMecum2fh/obHFkuxdmcG8LhxuKtl12HWNDq5hksNVy5d6meJzZ5kXsnaCDUY9n6xCQ==","password":"X3tBgP)cHzvubDHv&(fFJ7p(S3K1$4"}} CONTEXT: {"_legacy":true}
2024-08-07T17:42:24+00:00 NOTICE RESPONSE CODE: 400 CONTEXT: {"_legacy":true}
2024-08-07T17:42:24+00:00 NOTICE RESPONSE BODY: {"error_messages":[{"code":"40002","description":"buyer email must not be equals to merchant email","parameter_name":"customer.email"}]} CONTEXT: {"_legacy":true}
2024-08-07T17:42:24+00:00 NOTICE REQUEST ENDS
 CONTEXT: {"_legacy":true}
2024-08-07T17:43:27+00:00 NOTICE REQUEST BEGINS CONTEXT: {"_legacy":true}
2024-08-07T17:43:27+00:00 NOTICE REQUEST URL: https://api.pagseguro.com/orders CONTEXT: {"_legacy":true}
2024-08-07T17:43:27+00:00 NOTICE REQUEST BODY: {"reference_id":"{\"id\":1221,\"password\":\"9cJMTEs)VA69EP8e@XOmEDcg3%DrXL\"}","items":[{"name":"teste","unit_amount":50000,"quantity":1}],"customer":{"name":"wermeson soares","email":"wermeson.blucomet@gmail.com","tax_id":"06814984393"},"shipping":{"address":{"street":"Rua Joana","number":"256","locality":"N/A","city":"Acarape","region_code":"CE","country":"BRA","postal_code":"62785000"}},"qr_codes":[{"amount":{"value":50000},"expiration_date":"2024-08-07T17:58:27+00:00"}],"notification_urls":["https://localhost/projeto/wess.blog/wc-api/pagbank_woocommerce_handler/"],"metadata":{"order_id":1221,"signature":"Fjs3MHdH9q8sIVohy9jKMecum2fh/obHFkuxdmcG8LhxuKtl12HWNDq5hksNVy5d6meJzZ5kXsnaCDUY9n6xCQ==","password":"9cJMTEs)VA69EP8e@XOmEDcg3%DrXL"}} CONTEXT: {"_legacy":true}
2024-08-07T17:43:27+00:00 NOTICE RESPONSE CODE: 400 CONTEXT: {"_legacy":true}
2024-08-07T17:43:27+00:00 NOTICE RESPONSE BODY: {"error_messages":[{"code":"40002","description":"buyer email must not be equals to merchant email","parameter_name":"customer.email"}]} CONTEXT: {"_legacy":true}
2024-08-07T17:43:27+00:00 NOTICE REQUEST ENDS
 CONTEXT: {"_legacy":true}
2024-08-07T17:44:15+00:00 NOTICE REQUEST BEGINS CONTEXT: {"_legacy":true}
2024-08-07T17:44:15+00:00 NOTICE REQUEST URL: https://api.pagseguro.com/orders CONTEXT: {"_legacy":true}
2024-08-07T17:44:15+00:00 NOTICE REQUEST BODY: {"reference_id":"{\"id\":1221,\"password\":\"56Ae5CduuioX(8vdh0xJFwpUPBp6x(\"}","items":[{"name":"teste","unit_amount":50000,"quantity":1}],"customer":{"name":"wermeson soares","email":"wermeson.blucomet@gmail.com","tax_id":"06814984393"},"shipping":{"address":{"street":"Rua Joana","number":"256","locality":"N/A","city":"Acarape","region_code":"CE","country":"BRA","postal_code":"62785000"}},"qr_codes":[{"amount":{"value":50000},"expiration_date":"2024-08-07T17:59:15+00:00"}],"notification_urls":["https://localhost/projeto/wess.blog/wc-api/pagbank_woocommerce_handler/"],"metadata":{"order_id":1221,"signature":"Fjs3MHdH9q8sIVohy9jKMecum2fh/obHFkuxdmcG8LhxuKtl12HWNDq5hksNVy5d6meJzZ5kXsnaCDUY9n6xCQ==","password":"56Ae5CduuioX(8vdh0xJFwpUPBp6x("}} CONTEXT: {"_legacy":true}
2024-08-07T17:44:16+00:00 NOTICE RESPONSE CODE: 400 CONTEXT: {"_legacy":true}
2024-08-07T17:44:16+00:00 NOTICE RESPONSE BODY: {"error_messages":[{"code":"40002","description":"buyer email must not be equals to merchant email","parameter_name":"customer.email"}]} CONTEXT: {"_legacy":true}
2024-08-07T17:44:16+00:00 NOTICE REQUEST ENDS
 CONTEXT: {"_legacy":true}
2024-08-07T17:44:23+00:00 NOTICE REQUEST BEGINS CONTEXT: {"_legacy":true}
2024-08-07T17:44:23+00:00 NOTICE REQUEST URL: https://api.pagseguro.com/orders CONTEXT: {"_legacy":true}
2024-08-07T17:44:23+00:00 NOTICE REQUEST BODY: {"reference_id":"{\"id\":1221,\"password\":\"xJdp!yYWHhe9sql6CWU1vA^E*ktOjs\"}","items":[{"name":"teste","unit_amount":50000,"quantity":1}],"customer":{"name":"wermeson soares","email":"wermeson.blucomet@gmail.com","tax_id":"06814984393"},"shipping":{"address":{"street":"Rua Joana","number":"256","locality":"N/A","city":"Acarape","region_code":"CE","country":"BRA","postal_code":"62785000"}},"qr_codes":[{"amount":{"value":50000},"expiration_date":"2024-08-07T17:59:23+00:00"}],"notification_urls":["https://localhost/projeto/wess.blog/wc-api/pagbank_woocommerce_handler/"],"metadata":{"order_id":1221,"signature":"Fjs3MHdH9q8sIVohy9jKMecum2fh/obHFkuxdmcG8LhxuKtl12HWNDq5hksNVy5d6meJzZ5kXsnaCDUY9n6xCQ==","password":"xJdp!yYWHhe9sql6CWU1vA^E*ktOjs"}} CONTEXT: {"_legacy":true}
2024-08-07T17:44:24+00:00 NOTICE RESPONSE CODE: 400 CONTEXT: {"_legacy":true}
2024-08-07T17:44:24+00:00 NOTICE RESPONSE BODY: {"error_messages":[{"code":"40002","description":"buyer email must not be equals to merchant email","parameter_name":"customer.email"}]} CONTEXT: {"_legacy":true}
2024-08-07T17:44:24+00:00 NOTICE REQUEST ENDS
 CONTEXT: {"_legacy":true}
2024-08-07T17:45:55+00:00 NOTICE REQUEST BEGINS CONTEXT: {"_legacy":true}
2024-08-07T17:45:55+00:00 NOTICE REQUEST URL: https://api.pagseguro.com/orders CONTEXT: {"_legacy":true}
2024-08-07T17:45:55+00:00 NOTICE REQUEST BODY: {"reference_id":"{\"id\":1221,\"password\":\"QcV3uK2RE6TYc(IqD27@DK^PMF*Wp*\"}","items":[{"name":"teste","unit_amount":50000,"quantity":1}],"customer":{"name":"wermeson soares","email":"wermeson.blucomet@gmail.com","tax_id":"06814984393"},"shipping":{"address":{"street":"Rua Joana","number":"256","locality":"N/A","city":"Acarape","region_code":"CE","country":"BRA","postal_code":"62785000"}},"qr_codes":[{"amount":{"value":50000},"expiration_date":"2024-08-07T18:00:55+00:00"}],"notification_urls":["https://localhost/projeto/wess.blog/wc-api/pagbank_woocommerce_handler/"],"metadata":{"order_id":1221,"signature":"Fjs3MHdH9q8sIVohy9jKMecum2fh/obHFkuxdmcG8LhxuKtl12HWNDq5hksNVy5d6meJzZ5kXsnaCDUY9n6xCQ==","password":"QcV3uK2RE6TYc(IqD27@DK^PMF*Wp*"}} CONTEXT: {"_legacy":true}
2024-08-07T17:45:55+00:00 NOTICE RESPONSE CODE: 400 CONTEXT: {"_legacy":true}
2024-08-07T17:45:55+00:00 NOTICE RESPONSE BODY: {"error_messages":[{"code":"40002","description":"buyer email must not be equals to merchant email","parameter_name":"customer.email"}]} CONTEXT: {"_legacy":true}
2024-08-07T17:45:55+00:00 NOTICE REQUEST ENDS
 CONTEXT: {"_legacy":true}
2024-08-07T17:46:48+00:00 NOTICE REQUEST BEGINS CONTEXT: {"_legacy":true}
2024-08-07T17:46:48+00:00 NOTICE REQUEST URL: https://api.pagseguro.com/orders CONTEXT: {"_legacy":true}
2024-08-07T17:46:48+00:00 NOTICE REQUEST BODY: {"reference_id":"{\"id\":1221,\"password\":\"Pfs@1odINEah(P)#Ph73Fkr^Bj1bsY\"}","items":[{"name":"teste","unit_amount":50000,"quantity":1}],"customer":{"name":"wermeson soares","email":"wermeson.blucomet@gmail.com","tax_id":"06814984393"},"shipping":{"address":{"street":"Rua Joana","number":"256","locality":"N/A","city":"Acarape","region_code":"CE","country":"BRA","postal_code":"62785000"}},"qr_codes":[{"amount":{"value":50000},"expiration_date":"2024-08-07T18:01:48+00:00"}],"notification_urls":["https://localhost/projeto/wess.blog/wc-api/pagbank_woocommerce_handler/"],"metadata":{"order_id":1221,"signature":"Fjs3MHdH9q8sIVohy9jKMecum2fh/obHFkuxdmcG8LhxuKtl12HWNDq5hksNVy5d6meJzZ5kXsnaCDUY9n6xCQ==","password":"Pfs@1odINEah(P)#Ph73Fkr^Bj1bsY"}} CONTEXT: {"_legacy":true}
2024-08-07T17:46:48+00:00 NOTICE RESPONSE CODE: 400 CONTEXT: {"_legacy":true}
2024-08-07T17:46:48+00:00 NOTICE RESPONSE BODY: {"error_messages":[{"code":"40002","description":"buyer email must not be equals to merchant email","parameter_name":"customer.email"}]} CONTEXT: {"_legacy":true}
2024-08-07T17:46:48+00:00 NOTICE REQUEST ENDS
 CONTEXT: {"_legacy":true}
2024-08-07T17:50:56+00:00 NOTICE REQUEST BEGINS CONTEXT: {"_legacy":true}
2024-08-07T17:50:56+00:00 NOTICE REQUEST URL: https://api.pagseguro.com/orders CONTEXT: {"_legacy":true}
2024-08-07T17:50:56+00:00 NOTICE REQUEST BODY: {"reference_id":"{\"id\":1221,\"password\":\"!PGo9r@u4fdCW%*0C)Gjd@c9h!ut7o\"}","items":[{"name":"teste","unit_amount":50000,"quantity":1}],"customer":{"name":"wermeson soares","email":"wermeson.blucomet@gmail.com","tax_id":"06814984393"},"shipping":{"address":{"street":"Rua Joana","number":"256","locality":"N/A","city":"Acarape","region_code":"CE","country":"BRA","postal_code":"62785000"}},"qr_codes":[{"amount":{"value":50000},"expiration_date":"2024-08-07T18:05:56+00:00"}],"notification_urls":["https://localhost/projeto/wess.blog/wc-api/pagbank_woocommerce_handler/"],"metadata":{"order_id":1221,"signature":"Fjs3MHdH9q8sIVohy9jKMecum2fh/obHFkuxdmcG8LhxuKtl12HWNDq5hksNVy5d6meJzZ5kXsnaCDUY9n6xCQ==","password":"!PGo9r@u4fdCW%*0C)Gjd@c9h!ut7o"}} CONTEXT: {"_legacy":true}
2024-08-07T17:50:56+00:00 NOTICE RESPONSE CODE: 400 CONTEXT: {"_legacy":true}
2024-08-07T17:50:56+00:00 NOTICE RESPONSE BODY: {"error_messages":[{"code":"40002","description":"buyer email must not be equals to merchant email","parameter_name":"customer.email"}]} CONTEXT: {"_legacy":true}
2024-08-07T17:50:56+00:00 NOTICE REQUEST ENDS
 CONTEXT: {"_legacy":true}
2024-08-07T17:52:36+00:00 NOTICE REQUEST BEGINS CONTEXT: {"_legacy":true}
2024-08-07T17:52:36+00:00 NOTICE REQUEST URL: https://api.pagseguro.com/orders CONTEXT: {"_legacy":true}
2024-08-07T17:52:36+00:00 NOTICE REQUEST BODY: {"reference_id":"{\"id\":1221,\"password\":\"0J)1UJ6CDe!55hzSsi%9R@7im32oq*\"}","items":[{"name":"teste","unit_amount":50000,"quantity":1}],"customer":{"name":"wermeson soares","email":"wermeson.blucomet@gmail.com","tax_id":"06814984393"},"shipping":{"address":{"street":"Rua Joana","number":"256","locality":"N/A","city":"Acarape","region_code":"CE","country":"BRA","postal_code":"62785000"}},"qr_codes":[{"amount":{"value":50000},"expiration_date":"2024-08-07T18:07:36+00:00"}],"notification_urls":["https://localhost/projeto/wess.blog/wc-api/pagbank_woocommerce_handler/"],"metadata":{"order_id":1221,"signature":"Fjs3MHdH9q8sIVohy9jKMecum2fh/obHFkuxdmcG8LhxuKtl12HWNDq5hksNVy5d6meJzZ5kXsnaCDUY9n6xCQ==","password":"0J)1UJ6CDe!55hzSsi%9R@7im32oq*"}} CONTEXT: {"_legacy":true}
2024-08-07T17:52:36+00:00 NOTICE RESPONSE CODE: 400 CONTEXT: {"_legacy":true}
2024-08-07T17:52:36+00:00 NOTICE RESPONSE BODY: {"error_messages":[{"code":"40002","description":"buyer email must not be equals to merchant email","parameter_name":"customer.email"}]} CONTEXT: {"_legacy":true}
2024-08-07T17:52:36+00:00 NOTICE REQUEST ENDS
 CONTEXT: {"_legacy":true}
2024-08-07T17:52:52+00:00 NOTICE REQUEST BEGINS CONTEXT: {"_legacy":true}
2024-08-07T17:52:52+00:00 NOTICE REQUEST URL: https://api.pagseguro.com/orders CONTEXT: {"_legacy":true}
2024-08-07T17:52:52+00:00 NOTICE REQUEST BODY: {"reference_id":"{\"id\":1224,\"password\":\"LUbvMsMUr9PehpJBqE@#U8FwSelt4s\"}","items":[{"name":"teste","unit_amount":50000,"quantity":2}],"customer":{"name":"wermeson soares","email":"wermeson.blucomet@gmail.com","tax_id":"06814984393"},"shipping":{"address":{"street":"Rua Joana","number":"256","locality":"N/A","city":"Acarape","region_code":"CE","country":"BRA","postal_code":"62785000"}},"qr_codes":[{"amount":{"value":100000},"expiration_date":"2024-08-07T18:07:52+00:00"}],"notification_urls":["https://localhost/projeto/wess.blog/wc-api/pagbank_woocommerce_handler/"],"metadata":{"order_id":1224,"signature":"rPsABlz8tyECqslcRAnnqSWmn2l5dVT+dQ3HNS5Xv1lkgTW60OkmmczYQca5YOxJrqYyXK/j7hBs4nBT+otwDQ==","password":"LUbvMsMUr9PehpJBqE@#U8FwSelt4s"}} CONTEXT: {"_legacy":true}
2024-08-07T17:52:53+00:00 NOTICE RESPONSE CODE: 400 CONTEXT: {"_legacy":true}
2024-08-07T17:52:53+00:00 NOTICE RESPONSE BODY: {"error_messages":[{"code":"40002","description":"buyer email must not be equals to merchant email","parameter_name":"customer.email"}]} CONTEXT: {"_legacy":true}
2024-08-07T17:52:53+00:00 NOTICE REQUEST ENDS
 CONTEXT: {"_legacy":true}
2024-08-07T17:55:26+00:00 NOTICE REQUEST BEGINS CONTEXT: {"_legacy":true}
2024-08-07T17:55:26+00:00 NOTICE REQUEST URL: https://api.pagseguro.com/orders CONTEXT: {"_legacy":true}
2024-08-07T17:55:26+00:00 NOTICE REQUEST BODY: {"reference_id":"{\"id\":1224,\"password\":\"6gjLhm*N#dY5^W4tprCuH2wg%%vtKy\"}","items":[{"name":"teste","unit_amount":50000,"quantity":2}],"customer":{"name":"wermeson soares","email":"wermeson.blucomet@gmail.com","tax_id":"06814984393"},"shipping":{"address":{"street":"Rua Joana","number":"256","locality":"N/A","city":"Acarape","region_code":"CE","country":"BRA","postal_code":"62785000"}},"qr_codes":[{"amount":{"value":100000},"expiration_date":"2024-08-07T18:10:26+00:00"}],"notification_urls":["https://localhost/projeto/wess.blog/wc-api/pagbank_woocommerce_handler/"],"metadata":{"order_id":1224,"signature":"rPsABlz8tyECqslcRAnnqSWmn2l5dVT+dQ3HNS5Xv1lkgTW60OkmmczYQca5YOxJrqYyXK/j7hBs4nBT+otwDQ==","password":"6gjLhm*N#dY5^W4tprCuH2wg%%vtKy"}} CONTEXT: {"_legacy":true}
2024-08-07T17:55:26+00:00 NOTICE RESPONSE CODE: 400 CONTEXT: {"_legacy":true}
2024-08-07T17:55:26+00:00 NOTICE RESPONSE BODY: {"error_messages":[{"code":"40002","description":"buyer email must not be equals to merchant email","parameter_name":"customer.email"}]} CONTEXT: {"_legacy":true}
2024-08-07T17:55:26+00:00 NOTICE REQUEST ENDS
 CONTEXT: {"_legacy":true}
2024-08-07T17:56:04+00:00 NOTICE REQUEST BEGINS CONTEXT: {"_legacy":true}
2024-08-07T17:56:04+00:00 NOTICE REQUEST URL: https://api.pagseguro.com/orders CONTEXT: {"_legacy":true}
2024-08-07T17:56:04+00:00 NOTICE REQUEST BODY: {"reference_id":"{\"id\":1224,\"password\":\"zJXjM3TtGKK9tD**K4BsY7O!svxuYp\"}","items":[{"name":"teste","unit_amount":50000,"quantity":2}],"customer":{"name":"wermeson soares","email":"wermeson.blucomet@gmail.com","tax_id":"06814984393"},"shipping":{"address":{"street":"Rua Joana","number":"256","locality":"N/A","city":"Acarape","region_code":"CE","country":"BRA","postal_code":"62785000"}},"qr_codes":[{"amount":{"value":100000},"expiration_date":"2024-08-07T18:11:04+00:00"}],"notification_urls":["https://localhost/projeto/wess.blog/wc-api/pagbank_woocommerce_handler/"],"metadata":{"order_id":1224,"signature":"rPsABlz8tyECqslcRAnnqSWmn2l5dVT+dQ3HNS5Xv1lkgTW60OkmmczYQca5YOxJrqYyXK/j7hBs4nBT+otwDQ==","password":"zJXjM3TtGKK9tD**K4BsY7O!svxuYp"}} CONTEXT: {"_legacy":true}
2024-08-07T17:56:04+00:00 NOTICE RESPONSE CODE: 400 CONTEXT: {"_legacy":true}
2024-08-07T17:56:04+00:00 NOTICE RESPONSE BODY: {"error_messages":[{"code":"40002","description":"buyer email must not be equals to merchant email","parameter_name":"customer.email"}]} CONTEXT: {"_legacy":true}
2024-08-07T17:56:04+00:00 NOTICE REQUEST ENDS
 CONTEXT: {"_legacy":true}
2024-08-07T17:58:19+00:00 NOTICE REQUEST BEGINS CONTEXT: {"_legacy":true}
2024-08-07T17:58:19+00:00 NOTICE REQUEST URL: https://api.pagseguro.com/orders CONTEXT: {"_legacy":true}
2024-08-07T17:58:19+00:00 NOTICE REQUEST BODY: {"reference_id":"{\"id\":1224,\"password\":\"Zl*M%me8ozfuLecjfnqGtqjQkQHB*@\"}","items":[{"name":"teste","unit_amount":50000,"quantity":2}],"customer":{"name":"wermeson soares","email":"wermeson.blucomet@gmail.com","tax_id":"06814984393"},"shipping":{"address":{"street":"Rua Joana","number":"256","locality":"N/A","city":"Acarape","region_code":"CE","country":"BRA","postal_code":"62785000"}},"qr_codes":[{"amount":{"value":100000},"expiration_date":"2024-08-07T18:13:19+00:00"}],"notification_urls":["https://localhost/projeto/wess.blog/wc-api/pagbank_woocommerce_handler/"],"metadata":{"order_id":1224,"signature":"rPsABlz8tyECqslcRAnnqSWmn2l5dVT+dQ3HNS5Xv1lkgTW60OkmmczYQca5YOxJrqYyXK/j7hBs4nBT+otwDQ==","password":"Zl*M%me8ozfuLecjfnqGtqjQkQHB*@"}} CONTEXT: {"_legacy":true}
2024-08-07T17:58:19+00:00 NOTICE RESPONSE CODE: 400 CONTEXT: {"_legacy":true}
2024-08-07T17:58:19+00:00 NOTICE RESPONSE BODY: {"error_messages":[{"code":"40002","description":"buyer email must not be equals to merchant email","parameter_name":"customer.email"}]} CONTEXT: {"_legacy":true}
2024-08-07T17:58:19+00:00 NOTICE REQUEST ENDS
 CONTEXT: {"_legacy":true}
2024-08-07T17:59:34+00:00 NOTICE REQUEST BEGINS CONTEXT: {"_legacy":true}
2024-08-07T17:59:34+00:00 NOTICE REQUEST URL: https://api.pagseguro.com/orders CONTEXT: {"_legacy":true}
2024-08-07T17:59:34+00:00 NOTICE REQUEST BODY: {"reference_id":"{\"id\":1224,\"password\":\"fDMH&8%*Z5ha@d4)ei%F)@hxAafDHk\"}","items":[{"name":"teste","unit_amount":50000,"quantity":2}],"customer":{"name":"wermeson soares","email":"wermeson.blucomet@gmail.com","tax_id":"06814984393"},"shipping":{"address":{"street":"Rua Joana","number":"256","locality":"N/A","city":"Acarape","region_code":"CE","country":"BRA","postal_code":"62785000"}},"qr_codes":[{"amount":{"value":100000},"expiration_date":"2024-08-07T18:14:33+00:00"}],"notification_urls":["https://localhost/projeto/wess.blog/wc-api/pagbank_woocommerce_handler/"],"metadata":{"order_id":1224,"signature":"rPsABlz8tyECqslcRAnnqSWmn2l5dVT+dQ3HNS5Xv1lkgTW60OkmmczYQca5YOxJrqYyXK/j7hBs4nBT+otwDQ==","password":"fDMH&8%*Z5ha@d4)ei%F)@hxAafDHk"}} CONTEXT: {"_legacy":true}
2024-08-07T17:59:34+00:00 NOTICE RESPONSE CODE: 400 CONTEXT: {"_legacy":true}
2024-08-07T17:59:34+00:00 NOTICE RESPONSE BODY: {"error_messages":[{"code":"40002","description":"buyer email must not be equals to merchant email","parameter_name":"customer.email"}]} CONTEXT: {"_legacy":true}
2024-08-07T17:59:34+00:00 NOTICE REQUEST ENDS
 CONTEXT: {"_legacy":true}
2024-08-07T18:02:21+00:00 NOTICE REQUEST BEGINS CONTEXT: {"_legacy":true}
2024-08-07T18:02:21+00:00 NOTICE REQUEST URL: https://api.pagseguro.com/orders CONTEXT: {"_legacy":true}
2024-08-07T18:02:21+00:00 NOTICE REQUEST BODY: {"reference_id":"{\"id\":1224,\"password\":\"TCmW(vofLa40OT9iWgCdbTzNDZJ(*h\"}","items":[{"name":"teste","unit_amount":50000,"quantity":2}],"customer":{"name":"wermeson soares","email":"wermeson.blucomet@gmail.com","tax_id":"06814984393"},"shipping":{"address":{"street":"Rua Joana","number":"256","locality":"N/A","city":"Acarape","region_code":"CE","country":"BRA","postal_code":"62785000"}},"qr_codes":[{"amount":{"value":100000},"expiration_date":"2024-08-07T18:17:21+00:00"}],"notification_urls":["https://localhost/projeto/wess.blog/wc-api/pagbank_woocommerce_handler/"],"metadata":{"order_id":1224,"signature":"rPsABlz8tyECqslcRAnnqSWmn2l5dVT+dQ3HNS5Xv1lkgTW60OkmmczYQca5YOxJrqYyXK/j7hBs4nBT+otwDQ==","password":"TCmW(vofLa40OT9iWgCdbTzNDZJ(*h"}} CONTEXT: {"_legacy":true}
2024-08-07T18:02:21+00:00 NOTICE RESPONSE CODE: 400 CONTEXT: {"_legacy":true}
2024-08-07T18:02:21+00:00 NOTICE RESPONSE BODY: {"error_messages":[{"code":"40002","description":"buyer email must not be equals to merchant email","parameter_name":"customer.email"}]} CONTEXT: {"_legacy":true}
2024-08-07T18:02:21+00:00 NOTICE REQUEST ENDS
 CONTEXT: {"_legacy":true}
2024-08-07T18:11:03+00:00 NOTICE REQUEST BEGINS CONTEXT: {"_legacy":true}
2024-08-07T18:11:03+00:00 NOTICE REQUEST URL: https://api.pagseguro.com/orders CONTEXT: {"_legacy":true}
2024-08-07T18:11:03+00:00 NOTICE REQUEST BODY: {"reference_id":"{\"id\":1224,\"password\":\"txEinEQNp8eO%y7f1i!yLjNoxa^vLR\"}","items":[{"name":"teste","unit_amount":50000,"quantity":2}],"customer":{"name":"wermeson soares","email":"wermeson.blucomet@gmail.com","tax_id":"06814984393"},"shipping":{"address":{"street":"Rua Joana","number":"256","locality":"N/A","city":"Acarape","region_code":"CE","country":"BRA","postal_code":"62785000"}},"qr_codes":[{"amount":{"value":100000},"expiration_date":"2024-08-07T18:26:03+00:00"}],"notification_urls":["https://localhost/projeto/wess.blog/wc-api/pagbank_woocommerce_handler/"],"metadata":{"order_id":1224,"signature":"rPsABlz8tyECqslcRAnnqSWmn2l5dVT+dQ3HNS5Xv1lkgTW60OkmmczYQca5YOxJrqYyXK/j7hBs4nBT+otwDQ==","password":"txEinEQNp8eO%y7f1i!yLjNoxa^vLR"}} CONTEXT: {"_legacy":true}
2024-08-07T18:11:03+00:00 NOTICE RESPONSE CODE: 400 CONTEXT: {"_legacy":true}
2024-08-07T18:11:03+00:00 NOTICE RESPONSE BODY: {"error_messages":[{"code":"40002","description":"buyer email must not be equals to merchant email","parameter_name":"customer.email"}]} CONTEXT: {"_legacy":true}
2024-08-07T18:11:03+00:00 NOTICE REQUEST ENDS
 CONTEXT: {"_legacy":true}
