2024-08-07T17:15:50+00:00 INFO Array
(
    [Webhook Delivery] => Array
        (
            [Delivery ID] => b7eaf8b26d4e34d800bcaf6686a04153
            [Date] => 7 de agosto de 2024 @ 17:15
            [URL] => https://9d9a-2804-248-fbe6-fb00-1cb-41e-52ad-383c.ngrok-free.app/financeiro/create
            [Duration] => 60.11985
            [Request] => Array
                (
                    [Method] => POST
                    [Headers] => Array
                        (
                            [User-Agent] => WooCommerce/9.1.4 Hookshot (WordPress/6.6.1)
                            [Content-Type] => application/json
                            [X-WC-Webhook-Source] => https://localhost/projeto/wess.blog/
                            [X-WC-Webhook-Topic] => order.created
                            [X-WC-Webhook-Resource] => order
                            [X-WC-Webhook-Event] => created
                            [X-WC-Webhook-Signature] => lLS7tWGR+1BB/MNtYLVXA1XiH/Pxizcqqhz6wkFokTo=
                            [X-WC-Webhook-ID] => 1
                            [X-WC-Webhook-Delivery-ID] => b7eaf8b26d4e34d800bcaf6686a04153
                        )

                )

            [Body] => Webhook body is not logged unless WP_DEBUG mode is turned on. This is to avoid the storing of personal data in the logs.
            [Response] => Array
                (
                    [Code] => http_request_failed
                    [Message] => cURL error 28: Operation timed out after 60001 milliseconds with 0 bytes received
                    [Headers] => Array
                        (
                        )

                    [Body] => Webhook body is not logged unless WP_DEBUG mode is turned on. This is to avoid the storing of personal data in the logs.
                )

        )

)
2024-08-07T17:16:45+00:00 INFO Array
(
    [Webhook Delivery] => Array
        (
            [Delivery ID] => 289a9c59c93913491a03dfd0cdf0a5a0
            [Date] => 7 de agosto de 2024 @ 17:16
            [URL] => https://9d9a-2804-248-fbe6-fb00-1cb-41e-52ad-383c.ngrok-free.app/financeiro/create
            [Duration] => 44.45167
            [Request] => Array
                (
                    [Method] => POST
                    [Headers] => Array
                        (
                            [User-Agent] => WooCommerce/9.1.4 Hookshot (WordPress/6.6.1)
                            [Content-Type] => application/json
                            [X-WC-Webhook-Source] => https://localhost/projeto/wess.blog/
                            [X-WC-Webhook-Topic] => order.updated
                            [X-WC-Webhook-Resource] => order
                            [X-WC-Webhook-Event] => updated
                            [X-WC-Webhook-Signature] => rcVIzJXOAKBT71FWCB+t7GATW6CAHAoU8AHyFgiTycQ=
                            [X-WC-Webhook-ID] => 2
                            [X-WC-Webhook-Delivery-ID] => 289a9c59c93913491a03dfd0cdf0a5a0
                        )

                )

            [Body] => Webhook body is not logged unless WP_DEBUG mode is turned on. This is to avoid the storing of personal data in the logs.
            [Response] => Array
                (
                    [Code] => 500
                    [Message] => Internal Server Error
                    [Headers] => WpOrg\Requests\Utility\CaseInsensitiveDictionary Object
                        (
                            [data:protected] => Array
                                (
                                    [content-length] => 73
                                    [content-type] => application/json; charset=utf-8
                                    [date] => Wed, 07 Aug 2024 17:16:44 GMT
                                    [etag] => W/"49-Pt5d2oeYU+/8gDWgEF2LnoZflRU"
                                    [vary] => Origin
                                    [x-powered-by] => Express
                                )

                        )

                    [Body] => Webhook body is not logged unless WP_DEBUG mode is turned on. This is to avoid the storing of personal data in the logs.
                )

        )

)
2024-08-07T17:29:17+00:00 INFO Array
(
    [Webhook Delivery] => Array
        (
            [Delivery ID] => 5066275b3ed01ed44bb69865d0497898
            [Date] => 7 de agosto de 2024 @ 17:29
            [URL] => https://9d9a-2804-248-fbe6-fb00-1cb-41e-52ad-383c.ngrok-free.app/financeiro/create
            [Duration] => 60.12531
            [Request] => Array
                (
                    [Method] => POST
                    [Headers] => Array
                        (
                            [User-Agent] => WooCommerce/9.1.4 Hookshot (WordPress/6.6.1)
                            [Content-Type] => application/json
                            [X-WC-Webhook-Source] => https://localhost/projeto/wess.blog/
                            [X-WC-Webhook-Topic] => order.updated
                            [X-WC-Webhook-Resource] => order
                            [X-WC-Webhook-Event] => updated
                            [X-WC-Webhook-Signature] => 7AO222D9kW+GEb5XwQI4amDynoJ6HlgOIjgHFUwJ93w=
                            [X-WC-Webhook-ID] => 2
                            [X-WC-Webhook-Delivery-ID] => 5066275b3ed01ed44bb69865d0497898
                        )

                )

            [Body] => Webhook body is not logged unless WP_DEBUG mode is turned on. This is to avoid the storing of personal data in the logs.
            [Response] => Array
                (
                    [Code] => http_request_failed
                    [Message] => cURL error 28: Operation timed out after 60001 milliseconds with 0 bytes received
                    [Headers] => Array
                        (
                        )

                    [Body] => Webhook body is not logged unless WP_DEBUG mode is turned on. This is to avoid the storing of personal data in the logs.
                )

        )

)
2024-08-07T17:42:04+00:00 INFO Array
(
    [Webhook Delivery] => Array
        (
            [Delivery ID] => b89362cc7298a189a6c245ae5ada1fb2
            [Date] => 7 de agosto de 2024 @ 17:42
            [URL] => https://9d9a-2804-248-fbe6-fb00-1cb-41e-52ad-383c.ngrok-free.app/financeiro/create
            [Duration] => 43.39103
            [Request] => Array
                (
                    [Method] => POST
                    [Headers] => Array
                        (
                            [User-Agent] => WooCommerce/9.1.4 Hookshot (WordPress/6.6.1)
                            [Content-Type] => application/json
                            [X-WC-Webhook-Source] => https://localhost/projeto/wess.blog/
                            [X-WC-Webhook-Topic] => order.updated
                            [X-WC-Webhook-Resource] => order
                            [X-WC-Webhook-Event] => updated
                            [X-WC-Webhook-Signature] => eHgep6CjVFT4Moy5UB3AxMPMrGmXXPG0fqpd/iLI1rU=
                            [X-WC-Webhook-ID] => 2
                            [X-WC-Webhook-Delivery-ID] => b89362cc7298a189a6c245ae5ada1fb2
                        )

                )

            [Body] => Webhook body is not logged unless WP_DEBUG mode is turned on. This is to avoid the storing of personal data in the logs.
            [Response] => Array
                (
                    [Code] => 503
                    [Message] => Service Unavailable
                    [Headers] => WpOrg\Requests\Utility\CaseInsensitiveDictionary Object
                        (
                            [data:protected] => Array
                                (
                                    [content-type] => text/html
                                    [ngrok-error-code] => ERR_NGROK_3004
                                    [referrer-policy] => no-referrer
                                    [date] => Wed, 07 Aug 2024 17:42:04 GMT
                                )

                        )

                    [Body] => Webhook body is not logged unless WP_DEBUG mode is turned on. This is to avoid the storing of personal data in the logs.
                )

        )

)
2024-08-07T17:46:36+00:00 INFO Array
(
    [Webhook Delivery] => Array
        (
            [Delivery ID] => 2a213e8e00516fbecc9cafb9818213f9
            [Date] => 7 de agosto de 2024 @ 17:46
            [URL] => https://9d9a-2804-248-fbe6-fb00-1cb-41e-52ad-383c.ngrok-free.app/financeiro/create
            [Duration] => 16.81859
            [Request] => Array
                (
                    [Method] => POST
                    [Headers] => Array
                        (
                            [User-Agent] => WooCommerce/9.1.4 Hookshot (WordPress/6.6.1)
                            [Content-Type] => application/json
                            [X-WC-Webhook-Source] => https://localhost/projeto/wess.blog/
                            [X-WC-Webhook-Topic] => order.updated
                            [X-WC-Webhook-Resource] => order
                            [X-WC-Webhook-Event] => updated
                            [X-WC-Webhook-Signature] => eiLsF/kPvwV8lO6WmmWJbq0SxsRgZbdBZmJKaIvrz8g=
                            [X-WC-Webhook-ID] => 2
                            [X-WC-Webhook-Delivery-ID] => 2a213e8e00516fbecc9cafb9818213f9
                        )

                )

            [Body] => Webhook body is not logged unless WP_DEBUG mode is turned on. This is to avoid the storing of personal data in the logs.
            [Response] => Array
                (
                    [Code] => 400
                    [Message] => Bad Request
                    [Headers] => WpOrg\Requests\Utility\CaseInsensitiveDictionary Object
                        (
                            [data:protected] => Array
                                (
                                    [content-length] => 50
                                    [content-type] => application/json; charset=utf-8
                                    [date] => Wed, 07 Aug 2024 17:46:35 GMT
                                    [etag] => W/"32-ERF9BJiL4GpDLKkBt3PHp5kysas"
                                    [vary] => Origin
                                    [x-powered-by] => Express
                                )

                        )

                    [Body] => Webhook body is not logged unless WP_DEBUG mode is turned on. This is to avoid the storing of personal data in the logs.
                )

        )

)
2024-08-07T17:46:52+00:00 INFO Array
(
    [Webhook Delivery] => Array
        (
            [Delivery ID] => 2cf9a679804ed31055ab433b865904c1
            [Date] => 7 de agosto de 2024 @ 17:46
            [URL] => https://9d9a-2804-248-fbe6-fb00-1cb-41e-52ad-383c.ngrok-free.app/financeiro/create
            [Duration] => 5.56621
            [Request] => Array
                (
                    [Method] => POST
                    [Headers] => Array
                        (
                            [User-Agent] => WooCommerce/9.1.4 Hookshot (WordPress/6.6.1)
                            [Content-Type] => application/json
                            [X-WC-Webhook-Source] => https://localhost/projeto/wess.blog/
                            [X-WC-Webhook-Topic] => order.updated
                            [X-WC-Webhook-Resource] => order
                            [X-WC-Webhook-Event] => updated
                            [X-WC-Webhook-Signature] => eiLsF/kPvwV8lO6WmmWJbq0SxsRgZbdBZmJKaIvrz8g=
                            [X-WC-Webhook-ID] => 2
                            [X-WC-Webhook-Delivery-ID] => 2cf9a679804ed31055ab433b865904c1
                        )

                )

            [Body] => Webhook body is not logged unless WP_DEBUG mode is turned on. This is to avoid the storing of personal data in the logs.
            [Response] => Array
                (
                    [Code] => 400
                    [Message] => Bad Request
                    [Headers] => WpOrg\Requests\Utility\CaseInsensitiveDictionary Object
                        (
                            [data:protected] => Array
                                (
                                    [content-length] => 50
                                    [content-type] => application/json; charset=utf-8
                                    [date] => Wed, 07 Aug 2024 17:46:51 GMT
                                    [etag] => W/"32-ERF9BJiL4GpDLKkBt3PHp5kysas"
                                    [vary] => Origin
                                    [x-powered-by] => Express
                                )

                        )

                    [Body] => Webhook body is not logged unless WP_DEBUG mode is turned on. This is to avoid the storing of personal data in the logs.
                )

        )

)
2024-08-07T17:50:02+00:00 INFO Array
(
    [Webhook Delivery] => Array
        (
            [Delivery ID] => 0dda7ecae8117e65ae414b28477dbc84
            [Date] => 7 de agosto de 2024 @ 17:50
            [URL] => https://9d9a-2804-248-fbe6-fb00-1cb-41e-52ad-383c.ngrok-free.app/financeiro/create
            [Duration] => 60.13438
            [Request] => Array
                (
                    [Method] => POST
                    [Headers] => Array
                        (
                            [User-Agent] => WooCommerce/9.1.4 Hookshot (WordPress/6.6.1)
                            [Content-Type] => application/json
                            [X-WC-Webhook-Source] => https://localhost/projeto/wess.blog/
                            [X-WC-Webhook-Topic] => order.updated
                            [X-WC-Webhook-Resource] => order
                            [X-WC-Webhook-Event] => updated
                            [X-WC-Webhook-Signature] => 7S5lZK9529Mt1jF5OAl+ElUIJR8nPmO81JJZ9kOMEdQ=
                            [X-WC-Webhook-ID] => 2
                            [X-WC-Webhook-Delivery-ID] => 0dda7ecae8117e65ae414b28477dbc84
                        )

                )

            [Body] => Webhook body is not logged unless WP_DEBUG mode is turned on. This is to avoid the storing of personal data in the logs.
            [Response] => Array
                (
                    [Code] => http_request_failed
                    [Message] => cURL error 28: Operation timed out after 60001 milliseconds with 0 bytes received
                    [Headers] => Array
                        (
                        )

                    [Body] => Webhook body is not logged unless WP_DEBUG mode is turned on. This is to avoid the storing of personal data in the logs.
                )

        )

)
2024-08-07T17:54:19+00:00 INFO Array
(
    [Webhook Delivery] => Array
        (
            [Delivery ID] => efcd3e13da2915b5baa4fb57badbb637
            [Date] => 7 de agosto de 2024 @ 17:54
            [URL] => https://9d9a-2804-248-fbe6-fb00-1cb-41e-52ad-383c.ngrok-free.app/financeiro/create
            [Duration] => 60.14978
            [Request] => Array
                (
                    [Method] => POST
                    [Headers] => Array
                        (
                            [User-Agent] => WooCommerce/9.1.4 Hookshot (WordPress/6.6.1)
                            [Content-Type] => application/json
                            [X-WC-Webhook-Source] => https://localhost/projeto/wess.blog/
                            [X-WC-Webhook-Topic] => order.updated
                            [X-WC-Webhook-Resource] => order
                            [X-WC-Webhook-Event] => updated
                            [X-WC-Webhook-Signature] => rHsKqzbw0DJMt3L386GlEPRi2UYooj2urrU82cnvaVg=
                            [X-WC-Webhook-ID] => 2
                            [X-WC-Webhook-Delivery-ID] => efcd3e13da2915b5baa4fb57badbb637
                        )

                )

            [Body] => Webhook body is not logged unless WP_DEBUG mode is turned on. This is to avoid the storing of personal data in the logs.
            [Response] => Array
                (
                    [Code] => http_request_failed
                    [Message] => cURL error 28: Operation timed out after 60001 milliseconds with 0 bytes received
                    [Headers] => Array
                        (
                        )

                    [Body] => Webhook body is not logged unless WP_DEBUG mode is turned on. This is to avoid the storing of personal data in the logs.
                )

        )

)
2024-08-07T17:54:35+00:00 INFO Array
(
    [Webhook Delivery] => Array
        (
            [Delivery ID] => e76b848fc42eca59f7845ca5f5d087e5
            [Date] => 7 de agosto de 2024 @ 17:54
            [URL] => https://9d9a-2804-248-fbe6-fb00-1cb-41e-52ad-383c.ngrok-free.app/financeiro/create
            [Duration] => 13.93702
            [Request] => Array
                (
                    [Method] => POST
                    [Headers] => Array
                        (
                            [User-Agent] => WooCommerce/9.1.4 Hookshot (WordPress/6.6.1)
                            [Content-Type] => application/json
                            [X-WC-Webhook-Source] => https://localhost/projeto/wess.blog/
                            [X-WC-Webhook-Topic] => order.created
                            [X-WC-Webhook-Resource] => order
                            [X-WC-Webhook-Event] => created
                            [X-WC-Webhook-Signature] => 6J3uTRRJvJqn2aRwxToireWxpzbPsM/8FVVEHBvFzKM=
                            [X-WC-Webhook-ID] => 1
                            [X-WC-Webhook-Delivery-ID] => e76b848fc42eca59f7845ca5f5d087e5
                        )

                )

            [Body] => Webhook body is not logged unless WP_DEBUG mode is turned on. This is to avoid the storing of personal data in the logs.
            [Response] => Array
                (
                    [Code] => 503
                    [Message] => Service Unavailable
                    [Headers] => WpOrg\Requests\Utility\CaseInsensitiveDictionary Object
                        (
                            [data:protected] => Array
                                (
                                    [content-type] => text/html
                                    [ngrok-error-code] => ERR_NGROK_3004
                                    [referrer-policy] => no-referrer
                                    [date] => Wed, 07 Aug 2024 17:54:35 GMT
                                )

                        )

                    [Body] => Webhook body is not logged unless WP_DEBUG mode is turned on. This is to avoid the storing of personal data in the logs.
                )

        )

)
2024-08-07T17:57:07+00:00 INFO Array
(
    [Webhook Delivery] => Array
        (
            [Delivery ID] => 6deab1c53ef00107aab397c709d55dbe
            [Date] => 7 de agosto de 2024 @ 17:57
            [URL] => https://9d9a-2804-248-fbe6-fb00-1cb-41e-52ad-383c.ngrok-free.app/financeiro/create
            [Duration] => 46.53839
            [Request] => Array
                (
                    [Method] => POST
                    [Headers] => Array
                        (
                            [User-Agent] => WooCommerce/9.1.4 Hookshot (WordPress/6.6.1)
                            [Content-Type] => application/json
                            [X-WC-Webhook-Source] => https://localhost/projeto/wess.blog/
                            [X-WC-Webhook-Topic] => order.updated
                            [X-WC-Webhook-Resource] => order
                            [X-WC-Webhook-Event] => updated
                            [X-WC-Webhook-Signature] => Z+6pqVNUHZqC8tWr2lXWTx/4Yo5DTpDEpllpz+XlX4s=
                            [X-WC-Webhook-ID] => 2
                            [X-WC-Webhook-Delivery-ID] => 6deab1c53ef00107aab397c709d55dbe
                        )

                )

            [Body] => Webhook body is not logged unless WP_DEBUG mode is turned on. This is to avoid the storing of personal data in the logs.
            [Response] => Array
                (
                    [Code] => 400
                    [Message] => Bad Request
                    [Headers] => WpOrg\Requests\Utility\CaseInsensitiveDictionary Object
                        (
                            [data:protected] => Array
                                (
                                    [content-length] => 50
                                    [content-type] => application/json; charset=utf-8
                                    [date] => Wed, 07 Aug 2024 17:57:06 GMT
                                    [etag] => W/"32-9x9iQn2YfqMMojtpkSxvro+6NfY"
                                    [vary] => Origin
                                    [x-powered-by] => Express
                                )

                        )

                    [Body] => Webhook body is not logged unless WP_DEBUG mode is turned on. This is to avoid the storing of personal data in the logs.
                )

        )

)
2024-08-07T17:57:51+00:00 INFO Array
(
    [Webhook Delivery] => Array
        (
            [Delivery ID] => f3cfd9976daf4afc51a1385c0f22f0bc
            [Date] => 7 de agosto de 2024 @ 17:57
            [URL] => https://9d9a-2804-248-fbe6-fb00-1cb-41e-52ad-383c.ngrok-free.app/financeiro/create
            [Duration] => 27.97503
            [Request] => Array
                (
                    [Method] => POST
                    [Headers] => Array
                        (
                            [User-Agent] => WooCommerce/9.1.4 Hookshot (WordPress/6.6.1)
                            [Content-Type] => application/json
                            [X-WC-Webhook-Source] => https://localhost/projeto/wess.blog/
                            [X-WC-Webhook-Topic] => order.updated
                            [X-WC-Webhook-Resource] => order
                            [X-WC-Webhook-Event] => updated
                            [X-WC-Webhook-Signature] => Z+6pqVNUHZqC8tWr2lXWTx/4Yo5DTpDEpllpz+XlX4s=
                            [X-WC-Webhook-ID] => 2
                            [X-WC-Webhook-Delivery-ID] => f3cfd9976daf4afc51a1385c0f22f0bc
                        )

                )

            [Body] => Webhook body is not logged unless WP_DEBUG mode is turned on. This is to avoid the storing of personal data in the logs.
            [Response] => Array
                (
                    [Code] => 400
                    [Message] => Bad Request
                    [Headers] => WpOrg\Requests\Utility\CaseInsensitiveDictionary Object
                        (
                            [data:protected] => Array
                                (
                                    [content-length] => 50
                                    [content-type] => application/json; charset=utf-8
                                    [date] => Wed, 07 Aug 2024 17:57:50 GMT
                                    [etag] => W/"32-9x9iQn2YfqMMojtpkSxvro+6NfY"
                                    [vary] => Origin
                                    [x-powered-by] => Express
                                )

                        )

                    [Body] => Webhook body is not logged unless WP_DEBUG mode is turned on. This is to avoid the storing of personal data in the logs.
                )

        )

)
2024-08-07T18:02:32+00:00 INFO Array
(
    [Webhook Delivery] => Array
        (
            [Delivery ID] => a901a03e7cb1ea2e897e95e00be4025f
            [Date] => 7 de agosto de 2024 @ 18:02
            [URL] => https://9d9a-2804-248-fbe6-fb00-1cb-41e-52ad-383c.ngrok-free.app/financeiro/create
            [Duration] => 10.80938
            [Request] => Array
                (
                    [Method] => POST
                    [Headers] => Array
                        (
                            [User-Agent] => WooCommerce/9.1.4 Hookshot (WordPress/6.6.1)
                            [Content-Type] => application/json
                            [X-WC-Webhook-Source] => https://localhost/projeto/wess.blog/
                            [X-WC-Webhook-Topic] => order.updated
                            [X-WC-Webhook-Resource] => order
                            [X-WC-Webhook-Event] => updated
                            [X-WC-Webhook-Signature] => MVLRQCQCb5Qz/CPEk7qOmxjslL6BSluZwTVfxtJ3GM4=
                            [X-WC-Webhook-ID] => 2
                            [X-WC-Webhook-Delivery-ID] => a901a03e7cb1ea2e897e95e00be4025f
                        )

                )

            [Body] => Webhook body is not logged unless WP_DEBUG mode is turned on. This is to avoid the storing of personal data in the logs.
            [Response] => Array
                (
                    [Code] => 200
                    [Message] => OK
                    [Headers] => WpOrg\Requests\Utility\CaseInsensitiveDictionary Object
                        (
                            [data:protected] => Array
                                (
                                    [content-length] => 40
                                    [content-type] => application/json; charset=utf-8
                                    [date] => Wed, 07 Aug 2024 18:02:31 GMT
                                    [etag] => W/"28-ErRvH+nlU8yp9QVAnwJkgYLiaUM"
                                    [vary] => Origin
                                    [x-powered-by] => Express
                                )

                        )

                    [Body] => Webhook body is not logged unless WP_DEBUG mode is turned on. This is to avoid the storing of personal data in the logs.
                )

        )

)
2024-08-07T18:07:43+00:00 INFO Array
(
    [Webhook Delivery] => Array
        (
            [Delivery ID] => b154c30a8fc30e07a6f64c1c25131035
            [Date] => 7 de agosto de 2024 @ 18:07
            [URL] => https://9d9a-2804-248-fbe6-fb00-1cb-41e-52ad-383c.ngrok-free.app/financeiro/create
            [Duration] => 23.07249
            [Request] => Array
                (
                    [Method] => POST
                    [Headers] => Array
                        (
                            [User-Agent] => WooCommerce/9.1.4 Hookshot (WordPress/6.6.1)
                            [Content-Type] => application/json
                            [X-WC-Webhook-Source] => https://localhost/projeto/wess.blog/
                            [X-WC-Webhook-Topic] => order.updated
                            [X-WC-Webhook-Resource] => order
                            [X-WC-Webhook-Event] => updated
                            [X-WC-Webhook-Signature] => fiGCImjmQbWMy9pUdZ91dEytdjaOi0M+VawQzhDXTLs=
                            [X-WC-Webhook-ID] => 2
                            [X-WC-Webhook-Delivery-ID] => b154c30a8fc30e07a6f64c1c25131035
                        )

                )

            [Body] => Webhook body is not logged unless WP_DEBUG mode is turned on. This is to avoid the storing of personal data in the logs.
            [Response] => Array
                (
                    [Code] => 200
                    [Message] => OK
                    [Headers] => WpOrg\Requests\Utility\CaseInsensitiveDictionary Object
                        (
                            [data:protected] => Array
                                (
                                    [content-length] => 40
                                    [content-type] => application/json; charset=utf-8
                                    [date] => Wed, 07 Aug 2024 18:07:42 GMT
                                    [etag] => W/"28-Gt0hTg2irXF/msitDl3l6osbcvE"
                                    [vary] => Origin
                                    [x-powered-by] => Express
                                )

                        )

                    [Body] => Webhook body is not logged unless WP_DEBUG mode is turned on. This is to avoid the storing of personal data in the logs.
                )

        )

)
2024-08-07T18:10:03+00:00 INFO Array
(
    [Webhook Delivery] => Array
        (
            [Delivery ID] => 192b492dbdadde71c754cbdb4afdedb7
            [Date] => 7 de agosto de 2024 @ 18:10
            [URL] => https://9d9a-2804-248-fbe6-fb00-1cb-41e-52ad-383c.ngrok-free.app/financeiro/create
            [Duration] => 20.62934
            [Request] => Array
                (
                    [Method] => POST
                    [Headers] => Array
                        (
                            [User-Agent] => WooCommerce/9.1.4 Hookshot (WordPress/6.6.1)
                            [Content-Type] => application/json
                            [X-WC-Webhook-Source] => https://localhost/projeto/wess.blog/
                            [X-WC-Webhook-Topic] => order.updated
                            [X-WC-Webhook-Resource] => order
                            [X-WC-Webhook-Event] => updated
                            [X-WC-Webhook-Signature] => aN2fVyrhcpA4aLo5utrq13FfUYXcpRimERi4lnVhVh0=
                            [X-WC-Webhook-ID] => 2
                            [X-WC-Webhook-Delivery-ID] => 192b492dbdadde71c754cbdb4afdedb7
                        )

                )

            [Body] => Webhook body is not logged unless WP_DEBUG mode is turned on. This is to avoid the storing of personal data in the logs.
            [Response] => Array
                (
                    [Code] => 200
                    [Message] => OK
                    [Headers] => WpOrg\Requests\Utility\CaseInsensitiveDictionary Object
                        (
                            [data:protected] => Array
                                (
                                    [content-length] => 40
                                    [content-type] => application/json; charset=utf-8
                                    [date] => Wed, 07 Aug 2024 18:10:02 GMT
                                    [etag] => W/"28-hiL6/cVj0DvH3xEYVbpW6PV5Mt0"
                                    [vary] => Origin
                                    [x-powered-by] => Express
                                )

                        )

                    [Body] => Webhook body is not logged unless WP_DEBUG mode is turned on. This is to avoid the storing of personal data in the logs.
                )

        )

)
2024-08-07T18:11:32+00:00 INFO Array
(
    [Webhook Delivery] => Array
        (
            [Delivery ID] => 3da50b3f561e6b84ed8bf72cd584bd16
            [Date] => 7 de agosto de 2024 @ 18:11
            [URL] => https://9d9a-2804-248-fbe6-fb00-1cb-41e-52ad-383c.ngrok-free.app/financeiro/create
            [Duration] => 11.88152
            [Request] => Array
                (
                    [Method] => POST
                    [Headers] => Array
                        (
                            [User-Agent] => WooCommerce/9.1.4 Hookshot (WordPress/6.6.1)
                            [Content-Type] => application/json
                            [X-WC-Webhook-Source] => https://localhost/projeto/wess.blog/
                            [X-WC-Webhook-Topic] => order.updated
                            [X-WC-Webhook-Resource] => order
                            [X-WC-Webhook-Event] => updated
                            [X-WC-Webhook-Signature] => AEvj3CnNj+rdH1633dnoPM5ZryIwcIU9Ti7tDtweBoI=
                            [X-WC-Webhook-ID] => 2
                            [X-WC-Webhook-Delivery-ID] => 3da50b3f561e6b84ed8bf72cd584bd16
                        )

                )

            [Body] => Webhook body is not logged unless WP_DEBUG mode is turned on. This is to avoid the storing of personal data in the logs.
            [Response] => Array
                (
                    [Code] => 200
                    [Message] => OK
                    [Headers] => WpOrg\Requests\Utility\CaseInsensitiveDictionary Object
                        (
                            [data:protected] => Array
                                (
                                    [content-length] => 40
                                    [content-type] => application/json; charset=utf-8
                                    [date] => Wed, 07 Aug 2024 18:11:31 GMT
                                    [etag] => W/"28-X+rY+xjmQZAM5AYZvUN5v5Y8+Ss"
                                    [vary] => Origin
                                    [x-powered-by] => Express
                                )

                        )

                    [Body] => Webhook body is not logged unless WP_DEBUG mode is turned on. This is to avoid the storing of personal data in the logs.
                )

        )

)
2024-08-07T19:41:37+00:00 INFO Array
(
    [Webhook Delivery] => Array
        (
            [Delivery ID] => b22fed69e3a761a6865fac9c179a212a
            [Date] => 7 de agosto de 2024 @ 19:41
            [URL] => https://9d9a-2804-248-fbe6-fb00-1cb-41e-52ad-383c.ngrok-free.app/financeiro/create
            [Duration] => 60.17836
            [Request] => Array
                (
                    [Method] => POST
                    [Headers] => Array
                        (
                            [User-Agent] => WooCommerce/9.1.4 Hookshot (WordPress/6.6.1)
                            [Content-Type] => application/json
                            [X-WC-Webhook-Source] => https://localhost/projeto/wess.blog/
                            [X-WC-Webhook-Topic] => order.updated
                            [X-WC-Webhook-Resource] => order
                            [X-WC-Webhook-Event] => updated
                            [X-WC-Webhook-Signature] => oEhdc6Tniq5asT8liBqen1n7i0ivE7ZzdAiMVTrFQfk=
                            [X-WC-Webhook-ID] => 2
                            [X-WC-Webhook-Delivery-ID] => b22fed69e3a761a6865fac9c179a212a
                        )

                )

            [Body] => Webhook body is not logged unless WP_DEBUG mode is turned on. This is to avoid the storing of personal data in the logs.
            [Response] => Array
                (
                    [Code] => http_request_failed
                    [Message] => cURL error 28: Operation timed out after 60000 milliseconds with 0 bytes received
                    [Headers] => Array
                        (
                        )

                    [Body] => Webhook body is not logged unless WP_DEBUG mode is turned on. This is to avoid the storing of personal data in the logs.
                )

        )

)
2024-08-07T19:42:47+00:00 INFO Array
(
    [Webhook Delivery] => Array
        (
            [Delivery ID] => 3f33f7ab7ae797cf482d58b6847b8a22
            [Date] => 7 de agosto de 2024 @ 19:42
            [URL] => https://9d9a-2804-248-fbe6-fb00-1cb-41e-52ad-383c.ngrok-free.app/financeiro/create
            [Duration] => 60.12425
            [Request] => Array
                (
                    [Method] => POST
                    [Headers] => Array
                        (
                            [User-Agent] => WooCommerce/9.1.4 Hookshot (WordPress/6.6.1)
                            [Content-Type] => application/json
                            [X-WC-Webhook-Source] => https://localhost/projeto/wess.blog/
                            [X-WC-Webhook-Topic] => order.updated
                            [X-WC-Webhook-Resource] => order
                            [X-WC-Webhook-Event] => updated
                            [X-WC-Webhook-Signature] => hip5kfJSi9vszIjw4C/xvwdKr8anPgNYwCRwyNbGjHI=
                            [X-WC-Webhook-ID] => 2
                            [X-WC-Webhook-Delivery-ID] => 3f33f7ab7ae797cf482d58b6847b8a22
                        )

                )

            [Body] => Webhook body is not logged unless WP_DEBUG mode is turned on. This is to avoid the storing of personal data in the logs.
            [Response] => Array
                (
                    [Code] => http_request_failed
                    [Message] => cURL error 28: Operation timed out after 60001 milliseconds with 0 bytes received
                    [Headers] => Array
                        (
                        )

                    [Body] => Webhook body is not logged unless WP_DEBUG mode is turned on. This is to avoid the storing of personal data in the logs.
                )

        )

)
