2024-08-08T00:38:51+00:00 INFO Array
(
    [Webhook Delivery] => Array
        (
            [Delivery ID] => c5a76fb80db46cd4976ceaad049c390b
            [Date] => 8 de agosto de 2024 @ 00:38
            [URL] => https://9d9a-2804-248-fbe6-fb00-1cb-41e-52ad-383c.ngrok-free.app/financeiro/create
            [Duration] => 0.32863
            [Request] => Array
                (
                    [Method] => POST
                    [Headers] => Array
                        (
                            [User-Agent] => WooCommerce/9.1.4 Hookshot (WordPress/6.6.1)
                            [Content-Type] => application/json
                            [X-WC-Webhook-Source] => https://localhost/projeto/wess.blog/
                            [X-WC-Webhook-Topic] => order.created
                            [X-WC-Webhook-Resource] => order
                            [X-WC-Webhook-Event] => created
                            [X-WC-Webhook-Signature] => oe8IfXFiiunNayqvPxDspR635eJ9BfwulEw66Q+7WH4=
                            [X-WC-Webhook-ID] => 1
                            [X-WC-Webhook-Delivery-ID] => c5a76fb80db46cd4976ceaad049c390b
                        )

                )

            [Body] => Webhook body is not logged unless WP_DEBUG mode is turned on. This is to avoid the storing of personal data in the logs.
            [Response] => Array
                (
                    [Code] => 404
                    [Message] => Not Found
                    [Headers] => WpOrg\Requests\Utility\CaseInsensitiveDictionary Object
                        (
                            [data:protected] => Array
                                (
                                    [content-type] => text/html
                                    [ngrok-error-code] => ERR_NGROK_3200
                                    [referrer-policy] => no-referrer
                                    [date] => Thu, 08 Aug 2024 00:38:51 GMT
                                )

                        )

                    [Body] => Webhook body is not logged unless WP_DEBUG mode is turned on. This is to avoid the storing of personal data in the logs.
                )

        )

)
2024-08-08T00:41:06+00:00 INFO Array
(
    [Webhook Delivery] => Array
        (
            [Delivery ID] => fcef95921535ab0dbe14932cb6c9de72
            [Date] => 8 de agosto de 2024 @ 00:41
            [URL] => https://9d9a-2804-248-fbe6-fb00-1cb-41e-52ad-383c.ngrok-free.app/financeiro/create
            [Duration] => 0.37229
            [Request] => Array
                (
                    [Method] => POST
                    [Headers] => Array
                        (
                            [User-Agent] => WooCommerce/9.1.4 Hookshot (WordPress/6.6.1)
                            [Content-Type] => application/json
                            [X-WC-Webhook-Source] => https://localhost/projeto/wess.blog/
                            [X-WC-Webhook-Topic] => order.created
                            [X-WC-Webhook-Resource] => order
                            [X-WC-Webhook-Event] => created
                            [X-WC-Webhook-Signature] => Fn8ctwVE+fl9nKI+qiRhmZWU/Rlv0EH9F3yBXtwCXxE=
                            [X-WC-Webhook-ID] => 1
                            [X-WC-Webhook-Delivery-ID] => fcef95921535ab0dbe14932cb6c9de72
                        )

                )

            [Body] => Webhook body is not logged unless WP_DEBUG mode is turned on. This is to avoid the storing of personal data in the logs.
            [Response] => Array
                (
                    [Code] => 404
                    [Message] => Not Found
                    [Headers] => WpOrg\Requests\Utility\CaseInsensitiveDictionary Object
                        (
                            [data:protected] => Array
                                (
                                    [content-type] => text/html
                                    [ngrok-error-code] => ERR_NGROK_3200
                                    [referrer-policy] => no-referrer
                                    [date] => Thu, 08 Aug 2024 00:41:06 GMT
                                )

                        )

                    [Body] => Webhook body is not logged unless WP_DEBUG mode is turned on. This is to avoid the storing of personal data in the logs.
                )

        )

)
2024-08-08T00:41:06+00:00 INFO Array
(
    [Webhook Delivery] => Array
        (
            [Delivery ID] => f77f9c42a5e5a9727b02a75fb8c86752
            [Date] => 8 de agosto de 2024 @ 00:41
            [URL] => https://9d9a-2804-248-fbe6-fb00-1cb-41e-52ad-383c.ngrok-free.app/financeiro/create
            [Duration] => 0.22077
            [Request] => Array
                (
                    [Method] => POST
                    [Headers] => Array
                        (
                            [User-Agent] => WooCommerce/9.1.4 Hookshot (WordPress/6.6.1)
                            [Content-Type] => application/json
                            [X-WC-Webhook-Source] => https://localhost/projeto/wess.blog/
                            [X-WC-Webhook-Topic] => order.updated
                            [X-WC-Webhook-Resource] => order
                            [X-WC-Webhook-Event] => updated
                            [X-WC-Webhook-Signature] => Fn8ctwVE+fl9nKI+qiRhmZWU/Rlv0EH9F3yBXtwCXxE=
                            [X-WC-Webhook-ID] => 2
                            [X-WC-Webhook-Delivery-ID] => f77f9c42a5e5a9727b02a75fb8c86752
                        )

                )

            [Body] => Webhook body is not logged unless WP_DEBUG mode is turned on. This is to avoid the storing of personal data in the logs.
            [Response] => Array
                (
                    [Code] => 404
                    [Message] => Not Found
                    [Headers] => WpOrg\Requests\Utility\CaseInsensitiveDictionary Object
                        (
                            [data:protected] => Array
                                (
                                    [content-type] => text/html
                                    [ngrok-error-code] => ERR_NGROK_3200
                                    [referrer-policy] => no-referrer
                                    [date] => Thu, 08 Aug 2024 00:41:06 GMT
                                )

                        )

                    [Body] => Webhook body is not logged unless WP_DEBUG mode is turned on. This is to avoid the storing of personal data in the logs.
                )

        )

)
2024-08-08T02:39:32+00:00 INFO Array
(
    [Webhook Delivery] => Array
        (
            [Delivery ID] => 91545202f881a005a74380309a7c322a
            [Date] => 8 de agosto de 2024 @ 02:39
            [URL] => https://9d9a-2804-248-fbe6-fb00-1cb-41e-52ad-383c.ngrok-free.app/financeiro/create
            [Duration] => 0.44104
            [Request] => Array
                (
                    [Method] => POST
                    [Headers] => Array
                        (
                            [User-Agent] => WooCommerce/9.1.4 Hookshot (WordPress/6.6.1)
                            [Content-Type] => application/json
                            [X-WC-Webhook-Source] => https://localhost/projeto/wess.blog/
                            [X-WC-Webhook-Topic] => order.updated
                            [X-WC-Webhook-Resource] => order
                            [X-WC-Webhook-Event] => updated
                            [X-WC-Webhook-Signature] => JhOEQi0KOznjxH1sm5+pI5XCCdomwxCMTFqh1N8CL8c=
                            [X-WC-Webhook-ID] => 2
                            [X-WC-Webhook-Delivery-ID] => 91545202f881a005a74380309a7c322a
                        )

                )

            [Body] => Webhook body is not logged unless WP_DEBUG mode is turned on. This is to avoid the storing of personal data in the logs.
            [Response] => Array
                (
                    [Code] => 404
                    [Message] => Not Found
                    [Headers] => WpOrg\Requests\Utility\CaseInsensitiveDictionary Object
                        (
                            [data:protected] => Array
                                (
                                    [content-type] => text/html
                                    [ngrok-error-code] => ERR_NGROK_3200
                                    [referrer-policy] => no-referrer
                                    [date] => Thu, 08 Aug 2024 02:39:32 GMT
                                )

                        )

                    [Body] => Webhook body is not logged unless WP_DEBUG mode is turned on. This is to avoid the storing of personal data in the logs.
                )

        )

)
2024-08-08T23:03:08+00:00 INFO Array
(
    [Webhook Delivery] => Array
        (
            [Delivery ID] => 5f716d86710f4c95ede9ca99bb2c6736
            [Date] => 8 de agosto de 2024 @ 23:03
            [URL] => https://a913-2804-248-fbe6-fb00-d566-b5d2-54b8-70f2.ngrok-free.app/createByHook
            [Duration] => 0.29014
            [Request] => Array
                (
                    [Method] => POST
                    [Headers] => Array
                        (
                            [User-Agent] => WooCommerce/9.1.4 Hookshot (WordPress/6.6.1)
                            [Content-Type] => application/json
                            [X-WC-Webhook-Source] => https://localhost/projeto/wess.blog/
                            [X-WC-Webhook-Topic] => order.created
                            [X-WC-Webhook-Resource] => order
                            [X-WC-Webhook-Event] => created
                            [X-WC-Webhook-Signature] => XMMyPJPo6PRuc283o76uDYMFP/WwYyCEzlR0vRZ7gHE=
                            [X-WC-Webhook-ID] => 1
                            [X-WC-Webhook-Delivery-ID] => 5f716d86710f4c95ede9ca99bb2c6736
                        )

                )

            [Body] => Webhook body is not logged unless WP_DEBUG mode is turned on. This is to avoid the storing of personal data in the logs.
            [Response] => Array
                (
                    [Code] => 404
                    [Message] => Not Found
                    [Headers] => WpOrg\Requests\Utility\CaseInsensitiveDictionary Object
                        (
                            [data:protected] => Array
                                (
                                    [content-length] => 152
                                    [content-security-policy] => default-src 'none'
                                    [content-type] => text/html; charset=utf-8
                                    [date] => Thu, 08 Aug 2024 23:03:08 GMT
                                    [vary] => Origin
                                    [x-content-type-options] => nosniff
                                    [x-powered-by] => Express
                                )

                        )

                    [Body] => Webhook body is not logged unless WP_DEBUG mode is turned on. This is to avoid the storing of personal data in the logs.
                )

        )

)
2024-08-08T23:04:15+00:00 INFO Array
(
    [Webhook Delivery] => Array
        (
            [Delivery ID] => e5a9981c8f2ad0290a339ab1532866fe
            [Date] => 8 de agosto de 2024 @ 23:04
            [URL] => https://a913-2804-248-fbe6-fb00-d566-b5d2-54b8-70f2.ngrok-free.app/createByHook
            [Duration] => 0.48243
            [Request] => Array
                (
                    [Method] => POST
                    [Headers] => Array
                        (
                            [User-Agent] => WooCommerce/9.1.4 Hookshot (WordPress/6.6.1)
                            [Content-Type] => application/json
                            [X-WC-Webhook-Source] => https://localhost/projeto/wess.blog/
                            [X-WC-Webhook-Topic] => order.updated
                            [X-WC-Webhook-Resource] => order
                            [X-WC-Webhook-Event] => updated
                            [X-WC-Webhook-Signature] => 6w+YF50SM/Uj3cmO7F98RM7oIXu9dCLJFnX275QDAZ4=
                            [X-WC-Webhook-ID] => 2
                            [X-WC-Webhook-Delivery-ID] => e5a9981c8f2ad0290a339ab1532866fe
                        )

                )

            [Body] => Webhook body is not logged unless WP_DEBUG mode is turned on. This is to avoid the storing of personal data in the logs.
            [Response] => Array
                (
                    [Code] => 404
                    [Message] => Not Found
                    [Headers] => WpOrg\Requests\Utility\CaseInsensitiveDictionary Object
                        (
                            [data:protected] => Array
                                (
                                    [content-length] => 152
                                    [content-security-policy] => default-src 'none'
                                    [content-type] => text/html; charset=utf-8
                                    [date] => Thu, 08 Aug 2024 23:04:15 GMT
                                    [vary] => Origin
                                    [x-content-type-options] => nosniff
                                    [x-powered-by] => Express
                                )

                        )

                    [Body] => Webhook body is not logged unless WP_DEBUG mode is turned on. This is to avoid the storing of personal data in the logs.
                )

        )

)
2024-08-08T23:05:34+00:00 INFO Array
(
    [Webhook Delivery] => Array
        (
            [Delivery ID] => 01da12cfadf5256ba71047c02ad005db
            [Date] => 8 de agosto de 2024 @ 23:05
            [URL] => https://a913-2804-248-fbe6-fb00-d566-b5d2-54b8-70f2.ngrok-free.app/createByHook
            [Duration] => 0.42099
            [Request] => Array
                (
                    [Method] => POST
                    [Headers] => Array
                        (
                            [User-Agent] => WooCommerce/9.1.4 Hookshot (WordPress/6.6.1)
                            [Content-Type] => application/json
                            [X-WC-Webhook-Source] => https://localhost/projeto/wess.blog/
                            [X-WC-Webhook-Topic] => order.updated
                            [X-WC-Webhook-Resource] => order
                            [X-WC-Webhook-Event] => updated
                            [X-WC-Webhook-Signature] => beiPJ3x3CgNs/kx55g4jM5WMTYiZHUT2P49NZZoriF8=
                            [X-WC-Webhook-ID] => 2
                            [X-WC-Webhook-Delivery-ID] => 01da12cfadf5256ba71047c02ad005db
                        )

                )

            [Body] => Webhook body is not logged unless WP_DEBUG mode is turned on. This is to avoid the storing of personal data in the logs.
            [Response] => Array
                (
                    [Code] => 404
                    [Message] => Not Found
                    [Headers] => WpOrg\Requests\Utility\CaseInsensitiveDictionary Object
                        (
                            [data:protected] => Array
                                (
                                    [content-length] => 152
                                    [content-security-policy] => default-src 'none'
                                    [content-type] => text/html; charset=utf-8
                                    [date] => Thu, 08 Aug 2024 23:05:33 GMT
                                    [vary] => Origin
                                    [x-content-type-options] => nosniff
                                    [x-powered-by] => Express
                                )

                        )

                    [Body] => Webhook body is not logged unless WP_DEBUG mode is turned on. This is to avoid the storing of personal data in the logs.
                )

        )

)
2024-08-08T23:08:09+00:00 INFO Array
(
    [Webhook Delivery] => Array
        (
            [Delivery ID] => 49cddf43b9aff032cf75bb61fa8dd3ef
            [Date] => 8 de agosto de 2024 @ 23:08
            [URL] => https://a913-2804-248-fbe6-fb00-d566-b5d2-54b8-70f2.ngrok-free.app/financeiro/createByHook
            [Duration] => 60.28655
            [Request] => Array
                (
                    [Method] => POST
                    [Headers] => Array
                        (
                            [User-Agent] => WooCommerce/9.1.4 Hookshot (WordPress/6.6.1)
                            [Content-Type] => application/json
                            [X-WC-Webhook-Source] => https://localhost/projeto/wess.blog/
                            [X-WC-Webhook-Topic] => order.updated
                            [X-WC-Webhook-Resource] => order
                            [X-WC-Webhook-Event] => updated
                            [X-WC-Webhook-Signature] => GErEgMBc9BLR0suXNJXcBt5niz47Q06kPAyDLFho3E4=
                            [X-WC-Webhook-ID] => 2
                            [X-WC-Webhook-Delivery-ID] => 49cddf43b9aff032cf75bb61fa8dd3ef
                        )

                )

            [Body] => Webhook body is not logged unless WP_DEBUG mode is turned on. This is to avoid the storing of personal data in the logs.
            [Response] => Array
                (
                    [Code] => http_request_failed
                    [Message] => cURL error 28: Operation timed out after 60001 milliseconds with 0 bytes received
                    [Headers] => Array
                        (
                        )

                    [Body] => Webhook body is not logged unless WP_DEBUG mode is turned on. This is to avoid the storing of personal data in the logs.
                )

        )

)
